<?xml version="1.0" encoding="UTF-8"?>
<testsuite name="com.dwp.services.auth.identity.WorkforceIdentitySyncServiceTest" tests="2" skipped="0" failures="0" errors="0" timestamp="2026-09-16T02:53:32" hostname="MacBook-Pro" time="0.055">
  <properties/>
  <testcase name="createsHrisUserAndNormalizesWorkEmail()" classname="com.dwp.services.auth.identity.WorkforceIdentitySyncServiceTest" time="0.048"/>
  <testcase name="leaverRevokesSessionsDirectRolesAndGroupMemberships()" classname="com.dwp.services.auth.identity.WorkforceIdentitySyncServiceTest" time="0.006"/>
  <system-out><![CDATA[]]></system-out>
  <system-err><![CDATA[]]></system-err>
</testsuite>
