<?xml version="1.0" encoding="UTF-8"?>
<testsuite name="com.dwp.services.auth.identity.WorkforceIdentityWorkerNumberMigrationPostgresTest" tests="1" skipped="0" failures="0" errors="0" timestamp="2026-09-16T02:53:36" hostname="MacBook-Pro" time="4.516">
  <properties/>
  <testcase name="forwardMigrationBackfillsOnlyGovernedReferenceIdentitiesAndEnforcesTenantUniqueness()" classname="com.dwp.services.auth.identity.WorkforceIdentityWorkerNumberMigrationPostgresTest" time="4.516"/>
  <system-out><![CDATA[11:53:34.725 [Test worker] INFO tc.postgres:16-alpine -- Creating container for image: postgres:16-alpine
11:53:34.807 [Test worker] INFO tc.postgres:16-alpine -- Container postgres:16-alpine is starting: 188a0eeab4bda6ed63a1240073169f6a10a092dce064aa3109626c6f30e4eeba
11:53:36.318 [Test worker] INFO tc.postgres:16-alpine -- Container postgres:16-alpine started in PT1.593073S
11:53:36.320 [Test worker] INFO tc.postgres:16-alpine -- Container is started (JDBC URL: jdbc:postgresql://localhost:64471/test?loggerLevel=OFF)
11:53:36.719 [Test worker] INFO org.flywaydb.core.FlywayExecutor -- Database: jdbc:postgresql://localhost:64471/test?adaptiveFetch=false&adaptiveFetchMaximum=-1&adaptiveFetchMinimum=0&allowEncodingChanges=false&ApplicationName=PostgreSQL+JDBC+Driver&autosave=never&binaryTransfer=true&binaryTransferDisable=&binaryTransferEnable=&cancelSignalTimeout=10&channelBinding=prefer&cleanupSavepoints=false&connectTimeout=10&convertBooleanToNumeric=false&databaseMetadataCacheFields=65536&databaseMetadataCacheFieldsMiB=5&defaultRowFetchSize=0&disableColumnSanitiser=false&escapeSyntaxCallMode=select&groupStartupParameters=false&gssEncMode=allow&gsslib=auto&gssResponseTimeout=5000&gssUseDefaultCreds=false&hideUnprivilegedObjects=false&hostRecheckSeconds=10&jaasApplicationName=pgjdbc&jaasLogin=true&loadBalanceHosts=false&loggerLevel=OFF&loginTimeout=0&logServerErrorDetail=true&logUnclosedConnections=false&maxSendBufferSize=8192&pemKeyAlgorithm=RSA&preferQueryMode=extended&preparedStatementCacheQueries=256&preparedStatementCacheSizeMiB=5&prepareThreshold=5&protocolVersion=3&queryTimeout=0&quoteReturningIdentifiers=true&readOnly=false&readOnlyMode=transaction&receiveBufferSize=-1&reWriteBatchedInserts=false&scramMaxIterations=100000&sendBufferSize=-1&socketTimeout=0&sslfactory=org.postgresql.ssl.LibPQFactory&sslNegotiation=postgres&sslResponseTimeout=5000&sspiServiceClass=POSTGRES&targetServerType=any&tcpKeepAlive=false&tcpNoDelay=true&unknownLength=2147483647&useSpnego=false&xmlFactoryFactory= (PostgreSQL 16.15)
11:53:36.897 [Test worker] INFO org.flywaydb.core.internal.schemahistory.JdbcTableSchemaHistory -- Schema history table "public"."flyway_schema_history" does not exist yet
11:53:36.903 [Test worker] INFO org.flywaydb.core.internal.command.DbValidate -- Successfully validated 118 migrations (execution time 00:00.122s)
11:53:36.921 [Test worker] INFO org.flywaydb.core.internal.schemahistory.JdbcTableSchemaHistory -- Creating Schema History table "public"."flyway_schema_history" ...
11:53:36.971 [Test worker] INFO org.flywaydb.core.internal.command.DbMigrate -- Current version of schema "public": << Empty Schema >>
11:53:36.984 [Test worker] INFO org.flywaydb.core.internal.command.DbMigrate -- Migrating schema "public" to version "1 - create auth foundation"
11:53:37.048 [Test worker] INFO org.flywaydb.core.internal.sqlscript.DefaultSqlScriptExecutor -- +--------+
| setval |
+--------+
| 1      |
+--------+

11:53:37.050 [Test worker] INFO org.flywaydb.core.internal.sqlscript.DefaultSqlScriptExecutor -- +--------+
| setval |
+--------+
| 1      |
+--------+

11:53:37.051 [Test worker] INFO org.flywaydb.core.internal.sqlscript.DefaultSqlScriptExecutor -- +--------+
| setval |
+--------+
| 1      |
+--------+

11:53:37.052 [Test worker] INFO org.flywaydb.core.internal.sqlscript.DefaultSqlScriptExecutor -- +--------+
| setval |
+--------+
| 1      |
+--------+

11:53:37.053 [Test worker] INFO org.flywaydb.core.internal.sqlscript.DefaultSqlScriptExecutor -- +--------+
| setval |
+--------+
| 1      |
+--------+

11:53:37.054 [Test worker] INFO org.flywaydb.core.internal.sqlscript.DefaultSqlScriptExecutor -- +--------+
| setval |
+--------+
| 1      |
+--------+

11:53:37.055 [Test worker] INFO org.flywaydb.core.internal.sqlscript.DefaultSqlScriptExecutor -- +--------+
| setval |
+--------+
| 5      |
+--------+

11:53:37.073 [Test worker] INFO org.flywaydb.core.internal.command.DbMigrate -- Migrating schema "public" to version "2 - create auth sessions"
11:53:37.089 [Test worker] INFO org.flywaydb.core.internal.command.DbMigrate -- Migrating schema "public" to version "3 - add auth session lifecycle"
11:53:37.107 [Test worker] INFO org.flywaydb.core.internal.command.DbMigrate -- Migrating schema "public" to version "4 - add identity access governance"
11:53:37.150 [Test worker] INFO org.flywaydb.core.internal.command.DbMigrate -- Migrating schema "public" to version "5 - add organization group directory"
11:53:37.191 [Test worker] INFO org.flywaydb.core.internal.command.DbMigrate -- Migrating schema "public" to version "6 - add user job title"
11:53:37.209 [Test worker] INFO org.flywaydb.core.internal.command.DbMigrate -- Migrating schema "public" to version "7 - add tenant and group role foundation"
11:53:37.272 [Test worker] INFO org.flywaydb.core.internal.command.DbMigrate -- Migrating schema "public" to version "8 - add user preferred locale"
11:53:37.299 [Test worker] INFO org.flywaydb.core.internal.command.DbMigrate -- Migrating schema "public" to version "9 - add scim provisioning"
11:53:37.387 [Test worker] INFO org.flywaydb.core.internal.command.DbMigrate -- Migrating schema "public" to version "10 - add provider operator role"
11:53:37.418 [Test worker] INFO org.flywaydb.core.internal.command.DbMigrate -- Migrating schema "public" to version "11 - align scim hash column type"
11:53:37.449 [Test worker] INFO org.flywaydb.core.internal.command.DbMigrate -- Migrating schema "public" to version "12 - seed default app access catalog"
11:53:37.485 [Test worker] INFO org.flywaydb.core.internal.command.DbMigrate -- Migrating schema "public" to version "13 - add api monitoring resource"
11:53:37.520 [Test worker] INFO org.flywaydb.core.internal.command.DbMigrate -- Migrating schema "public" to version "14 - add provider tenant activation"
11:53:37.565 [Test worker] INFO org.flywaydb.core.internal.command.DbMigrate -- Migrating schema "public" to version "15 - backfill api monitoring resource"
11:53:37.590 [Test worker] INFO org.flywaydb.core.internal.command.DbMigrate -- Migrating schema "public" to version "16 - adopt company email identity"
11:53:37.641 [Test worker] INFO org.flywaydb.core.internal.command.DbMigrate -- Migrating schema "public" to version "17 - add enterprise audit outbox and roles"
11:53:37.685 [Test worker] INFO org.flywaydb.core.internal.command.DbMigrate -- Migrating schema "public" to version "18 - align default provider tenant identity"
11:53:37.701 [Test worker] INFO org.flywaydb.core.internal.command.DbMigrate -- Migrating schema "public" to version "19 - grant audit roles control center access"
11:53:37.725 [Test worker] INFO org.flywaydb.core.internal.command.DbMigrate -- Migrating schema "public" to version "20 - correct login audit event time"
11:53:37.757 [Test worker] INFO org.flywaydb.core.internal.command.DbMigrate -- Migrating schema "public" to version "21 - seed skax workforce identities"
11:53:37.807 [Test worker] INFO org.flywaydb.core.internal.command.DbMigrate -- Migrating schema "public" to version "22 - normalize identity and access code catalogs"
11:53:37.872 [Test worker] INFO org.flywaydb.core.internal.command.DbMigrate -- Migrating schema "public" to version "23 - seed expanded workforce identities"
11:53:37.917 [Test worker] INFO org.flywaydb.core.internal.command.DbMigrate -- Migrating schema "public" to version "24 - enforce reference identity least privilege"
11:53:37.945 [Test worker] INFO org.flywaydb.core.internal.command.DbMigrate -- Migrating schema "public" to version "25 - govern builtin role codes"
11:53:37.976 [Test worker] INFO org.flywaydb.core.internal.command.DbMigrate -- Migrating schema "public" to version "26 - add workforce application authorization"
11:53:38.000 [Test worker] INFO org.flywaydb.core.internal.command.DbMigrate -- Migrating schema "public" to version "27 - seed role isolated review accounts"
11:53:38.023 [Test worker] INFO org.flywaydb.core.internal.sqlscript.DefaultSqlScriptExecutor -- +--------+
| setval |
+--------+
| 900002 |
+--------+

11:53:38.037 [Test worker] INFO org.flywaydb.core.internal.command.DbMigrate -- Migrating schema "public" to version "28 - normalize skax member email domain"
11:53:38.069 [Test worker] INFO org.flywaydb.core.internal.command.DbMigrate -- Migrating schema "public" to version "29 - assign tenant admin to skax workforce member"
11:53:38.120 [Test worker] INFO org.flywaydb.core.internal.command.DbMigrate -- Migrating schema "public" to version "30 - enforce role delegation boundaries"
11:53:38.152 [Test worker] INFO org.flywaydb.core.internal.command.DbMigrate -- Migrating schema "public" to version "31 - separate tenant administration from audit"
11:53:38.168 [Test worker] INFO org.flywaydb.core.internal.command.DbMigrate -- Migrating schema "public" to version "32 - grant workspace member runtime access"
11:53:38.181 [Test worker] INFO org.flywaydb.core.internal.command.DbMigrate -- Migrating schema "public" to version "33 - add access reviews and identity lifecycle"
11:53:38.209 [Test worker] INFO org.flywaydb.core.internal.command.DbMigrate -- Migrating schema "public" to version "34 - govern productivity connector administration"
11:53:38.218 [Test worker] INFO org.flywaydb.core.internal.command.DbMigrate -- Migrating schema "public" to version "35 - snapshot access review evidence"
11:53:38.228 [Test worker] INFO org.flywaydb.core.internal.command.DbMigrate -- Migrating schema "public" to version "36 - add privileged access lifecycle"
11:53:38.266 [Test worker] INFO org.flywaydb.core.internal.command.DbMigrate -- Migrating schema "public" to version "37 - authorize workforce access governance"
11:53:38.275 [Test worker] INFO org.flywaydb.core.internal.command.DbMigrate -- Migrating schema "public" to version "38 - authorize saved view custody"
11:53:38.283 [Test worker] INFO org.flywaydb.core.internal.command.DbMigrate -- Migrating schema "public" to version "39 - introduce hris application surface"
11:53:38.293 [Test worker] INFO org.flywaydb.core.internal.command.DbMigrate -- Migrating schema "public" to version "40 - add scoped application administration"
11:53:38.356 [Test worker] INFO org.flywaydb.core.internal.sqlscript.DefaultSqlScriptExecutor -- +--------+
| setval |
+--------+
| 900015 |
+--------+

11:53:38.365 [Test worker] INFO org.flywaydb.core.internal.command.DbMigrate -- Migrating schema "public" to version "41 - name hris application surface"
11:53:38.377 [Test worker] INFO org.flywaydb.core.internal.command.DbMigrate -- Migrating schema "public" to version "42 - harden scoped authority and provider approvals"
11:53:38.393 [Test worker] INFO org.flywaydb.core.internal.sqlscript.DefaultSqlScriptExecutor -- +--------+
| setval |
+--------+
| 900017 |
+--------+

11:53:38.400 [Test worker] INFO org.flywaydb.core.internal.command.DbMigrate -- Migrating schema "public" to version "43 - repair provider operator auth roles"
11:53:38.415 [Test worker] INFO org.flywaydb.core.internal.command.DbMigrate -- Migrating schema "public" to version "44 - add principal resource entitlement lifecycle"
11:53:38.433 [Test worker] INFO org.flywaydb.core.internal.command.DbMigrate -- Migrating schema "public" to version "45 - authorize enterprise communications"
11:53:38.462 [Test worker] INFO org.flywaydb.core.internal.command.DbMigrate -- Migrating schema "public" to version "46 - complete enterprise communications read entitlements"
11:53:38.469 [Test worker] INFO org.flywaydb.core.internal.command.DbMigrate -- Migrating schema "public" to version "47 - authorize employee service center"
11:53:38.480 [Test worker] INFO org.flywaydb.core.internal.command.DbMigrate -- Migrating schema "public" to version "48 - seed employee service review personas"
11:53:38.501 [Test worker] INFO org.flywaydb.core.internal.command.DbMigrate -- Migrating schema "public" to version "49 - harden tenant authorization and seed skax groups"
11:53:38.603 [Test worker] INFO org.flywaydb.core.internal.command.DbMigrate -- Migrating schema "public" to version "50 - authorize hr domain operations"
11:53:38.632 [Test worker] INFO org.flywaydb.core.internal.command.DbMigrate -- Migrating schema "public" to version "51 - authorize enterprise calendar"
11:53:38.657 [Test worker] INFO org.flywaydb.core.internal.command.DbMigrate -- Migrating schema "public" to version "52 - authorize enterprise approval hub"
11:53:38.691 [Test worker] INFO org.flywaydb.core.internal.command.DbMigrate -- Migrating schema "public" to version "53 - activate approval review personas"
11:53:38.720 [Test worker] INFO org.flywaydb.core.internal.command.DbMigrate -- Migrating schema "public" to version "54 - introduce hcm application permission alias"
11:53:38.734 [Test worker] INFO org.flywaydb.core.internal.command.DbMigrate -- Migrating schema "public" to version "55 - govern new product application boundaries"
11:53:38.760 [Test worker] INFO org.flywaydb.core.internal.command.DbMigrate -- Migrating schema "public" to version "56 - retire unowned authorization placeholders"
11:53:38.781 [Test worker] INFO org.flywaydb.core.internal.command.DbMigrate -- Migrating schema "public" to version "57 - seed skax integrated verification account"
11:53:38.835 [Test worker] INFO org.flywaydb.core.internal.sqlscript.DefaultSqlScriptExecutor -- +--------+
| setval |
+--------+
| 900018 |
+--------+

11:53:38.847 [Test worker] INFO org.flywaydb.core.internal.command.DbMigrate -- Migrating schema "public" to version "60 - authorize enterprise mail"
11:53:38.877 [Test worker] INFO org.flywaydb.core.internal.command.DbMigrate -- Migrating schema "public" to version "61 - authorize enterprise spaces"
11:53:38.919 [Test worker] INFO org.flywaydb.core.internal.command.DbMigrate -- Migrating schema "public" to version "62 - grant space roles control center access"
11:53:38.931 [Test worker] INFO org.flywaydb.core.internal.command.DbMigrate -- Migrating schema "public" to version "63 - name dwaion workspace resource"
11:53:38.943 [Test worker] INFO org.flywaydb.core.internal.command.DbMigrate -- Migrating schema "public" to version "64 - authorize enterprise rooms"
11:53:38.957 [Test worker] INFO org.flywaydb.core.internal.command.DbMigrate -- Migrating schema "public" to version "65 - separate rooms administration"
11:53:38.969 [Test worker] INFO org.flywaydb.core.internal.command.DbMigrate -- Migrating schema "public" to version "66 - authorize enterprise workplace"
11:53:38.997 [Test worker] INFO org.flywaydb.core.internal.command.DbMigrate -- Migrating schema "public" to version "67 - authorize enterprise messaging"
11:53:39.035 [Test worker] INFO org.flywaydb.core.internal.command.DbMigrate -- Migrating schema "public" to version "68 - authorize notification platform"
11:53:39.074 [Test worker] INFO org.flywaydb.core.internal.command.DbMigrate -- Migrating schema "public" to version "69 - separate workplace and room administration"
11:53:39.084 [Test worker] INFO org.flywaydb.core.internal.command.DbMigrate -- Migrating schema "public" to version "70 - harden approval assurance separation"
11:53:39.099 [Test worker] INFO org.flywaydb.core.internal.command.DbMigrate -- Migrating schema "public" to version "71 - separate approval policy maker checker"
11:53:39.114 [Test worker] INFO org.flywaydb.core.internal.command.DbMigrate -- Migrating schema "public" to version "72 - verify effective role conflicts"
11:53:39.135 [Test worker] INFO org.flywaydb.core.internal.command.DbMigrate -- Migrating schema "public" to version "73 - separate messaging administration"
11:53:39.149 [Test worker] INFO org.flywaydb.core.internal.command.DbMigrate -- Migrating schema "public" to version "74 - authorize dwaion operations"
11:53:39.167 [Test worker] INFO org.flywaydb.core.internal.command.DbMigrate -- Migrating schema "public" to version "75 - harden dwaion privileged assignment"
11:53:39.183 [Test worker] INFO org.flywaydb.core.internal.command.DbMigrate -- Migrating schema "public" to version "76 - separate dwaion governance permissions"
11:53:39.220 [Test worker] INFO org.flywaydb.core.internal.command.DbMigrate -- Migrating schema "public" to version "77 - authorize dwaion evaluation evidence export"
11:53:39.231 [Test worker] INFO org.flywaydb.core.internal.command.DbMigrate -- Migrating schema "public" to version "78 - authorize dwaion operational delivery gates"
11:53:39.245 [Test worker] INFO org.flywaydb.core.internal.command.DbMigrate -- Migrating schema "public" to version "79 - repair privileged and application governance"
11:53:39.276 [Test worker] INFO org.flywaydb.core.internal.command.DbMigrate -- Migrating schema "public" to version "80 - govern space and notification app boundaries"
11:53:39.296 [Test worker] INFO org.flywaydb.core.internal.command.DbMigrate -- Migrating schema "public" to version "81 - retire mail access package duties"
11:53:39.309 [Test worker] INFO org.flywaydb.core.internal.command.DbMigrate -- Migrating schema "public" to version "82 - reconcile skax all employee membership"
11:53:39.320 [Test worker] INFO org.flywaydb.core.internal.command.DbMigrate -- Migrating schema "public" to version "83 - separate notification policy and operations duties"
11:53:39.331 [Test worker] INFO org.flywaydb.core.internal.command.DbMigrate -- Migrating schema "public" to version "84 - separate notification template approval and central audit"
11:53:39.352 [Test worker] INFO org.flywaydb.core.internal.command.DbMigrate -- Migrating schema "public" to version "85 - harden notification template approval assignment"
11:53:39.368 [Test worker] INFO org.flywaydb.core.internal.command.DbMigrate -- Migrating schema "public" to version "86 - authorize home template management"
11:53:39.385 [Test worker] INFO org.flywaydb.core.internal.command.DbMigrate -- Migrating schema "public" to version "87 - create product surface authorization registry"
11:53:39.435 [Test worker] INFO org.flywaydb.core.internal.command.DbMigrate -- Migrating schema "public" to version "88 - outbox access review work items"
11:53:39.452 [Test worker] INFO org.flywaydb.core.internal.command.DbMigrate -- Migrating schema "public" to version "89 - seed approval product management capabilities"
11:53:39.465 [Test worker] INFO org.flywaydb.core.internal.command.DbMigrate -- Migrating schema "public" to version "89.1 - preserve session assurance and step up"
11:53:39.478 [Test worker] INFO org.flywaydb.core.internal.command.DbMigrate -- Migrating schema "public" to version "89.2 - require closed step up amr allowlist"
11:53:39.487 [Test worker] INFO org.flywaydb.core.internal.command.DbMigrate -- Migrating schema "public" to version "89.3 - persist product authority endpoints"
11:53:39.498 [Test worker] INFO org.flywaydb.core.internal.command.DbMigrate -- Migrating schema "public" to version "90 - normalize product authorization resource set keys"
11:53:39.513 [Test worker] INFO org.flywaydb.core.internal.command.DbMigrate -- Migrating schema "public" to version "91 - scope approval specialist duties"
11:53:39.588 [Test worker] INFO org.flywaydb.core.internal.command.DbMigrate -- Migrating schema "public" to version "92 - govern app admin presets"
11:53:39.642 [Test worker] INFO org.flywaydb.core.internal.command.DbMigrate -- Migrating schema "public" to version "93 - audit product authorization operations"
11:53:39.653 [Test worker] INFO org.flywaydb.core.internal.command.DbMigrate -- Migrating schema "public" to version "94 - require single governed bundle approval"
11:53:39.670 [Test worker] INFO org.flywaydb.core.internal.command.DbMigrate -- Migrating schema "public" to version "95 - require governance resulting revision"
11:53:39.679 [Test worker] INFO org.flywaydb.core.internal.command.DbMigrate -- Migrating schema "public" to version "96 - key governance release events by cas revision"
11:53:39.692 [Test worker] INFO org.flywaydb.core.internal.command.DbMigrate -- Migrating schema "public" to version "97 - bind governance to activation lineage"
11:53:39.707 [Test worker] INFO org.flywaydb.core.internal.command.DbMigrate -- Migrating schema "public" to version "98 - guard governance approval evidence"
11:53:39.721 [Test worker] INFO org.flywaydb.core.internal.command.DbMigrate -- Migrating schema "public" to version "99 - separate provider and tenant identity planes"
11:53:39.809 [Test worker] INFO org.flywaydb.core.internal.command.DbMigrate -- Migrating schema "public" to version "100 - authorize enterprise video meetings"
11:53:39.879 [Test worker] INFO org.flywaydb.core.internal.command.DbMigrate -- Migrating schema "public" to version "101 - exclude provider identities from tenant authority"
11:53:39.927 [Test worker] INFO org.flywaydb.core.internal.command.DbMigrate -- Migrating schema "public" to version "102 - materialize immutable identity plane"
11:53:39.977 [Test worker] INFO org.flywaydb.core.internal.command.DbMigrate -- Migrating schema "public" to version "103 - exclude provider access reviewers"
11:53:40.000 [Test worker] INFO org.flywaydb.core.internal.command.DbMigrate -- Migrating schema "public" to version "104 - serialize identity authority boundaries"
11:53:40.018 [Test worker] INFO org.flywaydb.core.internal.command.DbMigrate -- Migrating schema "public" to version "105 - disable unbound provider activation tokens"
11:53:40.040 [Test worker] INFO org.flywaydb.core.internal.command.DbMigrate -- Migrating schema "public" to version "106 - receipt provider tenant commands"
11:53:40.062 [Test worker] INFO org.flywaydb.core.internal.command.DbMigrate -- Migrating schema "public" to version "107 - authorize navigation governance"
11:53:40.087 [Test worker] INFO org.flywaydb.core.internal.command.DbMigrate -- Migrating schema "public" to version "108 - disable privileged access activation"
11:53:40.099 [Test worker] INFO org.flywaydb.core.internal.proprietaryStubs.ErrorOverridesSupportStub -- DB: trigger "trg_privileged_access_policy_rollout_disabled" for relation "com_privileged_access_policies" does not exist, skipping
11:53:40.100 [Test worker] INFO org.flywaydb.core.internal.proprietaryStubs.ErrorOverridesSupportStub -- DB: trigger "trg_privileged_access_request_rollout_disabled" for relation "com_privileged_access_requests" does not exist, skipping
11:53:40.102 [Test worker] INFO org.flywaydb.core.internal.proprietaryStubs.ErrorOverridesSupportStub -- DB: trigger "trg_active_privileged_grant_rollout_disabled" for relation "com_active_privileged_grants" does not exist, skipping
11:53:40.119 [Test worker] INFO org.flywaydb.core.internal.command.DbMigrate -- Migrating schema "public" to version "208 - enforce effective user app responsibility sod"
11:53:40.196 [Test worker] INFO org.flywaydb.core.internal.sqlscript.DefaultSqlScriptExecutor -- +-----------------------------------+
| dwp_repair_app_responsibility_sod |
+-----------------------------------+
| 4                                 |
+-----------------------------------+

11:53:40.226 [Test worker] INFO org.flywaydb.core.internal.command.DbMigrate -- Migrating schema "public" to version "209 - authorize product predicate owner services"
11:53:40.256 [Test worker] INFO org.flywaydb.core.internal.command.DbMigrate -- Migrating schema "public" to version "210 - authorize dwaion personal intelligence"
11:53:40.316 [Test worker] INFO org.flywaydb.core.internal.command.DbMigrate -- Migrating schema "public" to version "211 - register approval form user directory resource"
11:53:40.328 [Test worker] INFO org.flywaydb.core.internal.command.DbMigrate -- Migrating schema "public" to version "212 - register approval form resource"
11:53:40.340 [Test worker] INFO org.flywaydb.core.internal.command.DbMigrate -- Migrating schema "public" to version "213 - register native approval signature resource"
11:53:40.352 [Test worker] INFO org.flywaydb.core.internal.command.DbMigrate -- Migrating schema "public" to version "214 - register workflow planning authority sources"
11:53:40.369 [Test worker] INFO org.flywaydb.core.internal.command.DbMigrate -- Migrating schema "public" with repeatable migration "create domain event delivery ledger"
11:53:40.378 [Test worker] WARN org.flywaydb.core.internal.proprietaryStubs.ErrorOverridesSupportStub -- DB: column "lock_token" of relation "sys_domain_event_outbox" already exists, skipping (SQL State: 42701 - Error Code: 0)
11:53:40.379 [Test worker] INFO org.flywaydb.core.internal.proprietaryStubs.ErrorOverridesSupportStub -- DB: constraint "uq_domain_event_outbox_aggregate_sequence" of relation "sys_domain_event_outbox" does not exist, skipping
11:53:40.395 [Test worker] WARN org.flywaydb.core.internal.proprietaryStubs.ErrorOverridesSupportStub -- DB: column "tenant_id" of relation "sys_domain_event_offsets" already exists, skipping (SQL State: 42701 - Error Code: 0)
11:53:40.428 [Test worker] INFO org.flywaydb.core.internal.command.DbMigrate -- Successfully applied 117 migrations to schema "public", now at version v214 (execution time 00:02.171s)
11:53:40.557 [Test worker] INFO org.flywaydb.core.FlywayExecutor -- Database: jdbc:postgresql://localhost:64471/test?adaptiveFetch=false&adaptiveFetchMaximum=-1&adaptiveFetchMinimum=0&allowEncodingChanges=false&ApplicationName=PostgreSQL+JDBC+Driver&autosave=never&binaryTransfer=true&binaryTransferDisable=&binaryTransferEnable=&cancelSignalTimeout=10&channelBinding=prefer&cleanupSavepoints=false&connectTimeout=10&convertBooleanToNumeric=false&databaseMetadataCacheFields=65536&databaseMetadataCacheFieldsMiB=5&defaultRowFetchSize=0&disableColumnSanitiser=false&escapeSyntaxCallMode=select&groupStartupParameters=false&gssEncMode=allow&gsslib=auto&gssResponseTimeout=5000&gssUseDefaultCreds=false&hideUnprivilegedObjects=false&hostRecheckSeconds=10&jaasApplicationName=pgjdbc&jaasLogin=true&loadBalanceHosts=false&loggerLevel=OFF&loginTimeout=0&logServerErrorDetail=true&logUnclosedConnections=false&maxSendBufferSize=8192&pemKeyAlgorithm=RSA&preferQueryMode=extended&preparedStatementCacheQueries=256&preparedStatementCacheSizeMiB=5&prepareThreshold=5&protocolVersion=3&queryTimeout=0&quoteReturningIdentifiers=true&readOnly=false&readOnlyMode=transaction&receiveBufferSize=-1&reWriteBatchedInserts=false&scramMaxIterations=100000&sendBufferSize=-1&socketTimeout=0&sslfactory=org.postgresql.ssl.LibPQFactory&sslNegotiation=postgres&sslResponseTimeout=5000&sspiServiceClass=POSTGRES&targetServerType=any&tcpKeepAlive=false&tcpNoDelay=true&unknownLength=2147483647&useSpnego=false&xmlFactoryFactory= (PostgreSQL 16.15)
11:53:40.659 [Test worker] INFO org.flywaydb.core.internal.command.DbValidate -- Successfully validated 118 migrations (execution time 00:00.072s)
11:53:40.682 [Test worker] INFO org.flywaydb.core.internal.command.DbMigrate -- Current version of schema "public": 214
11:53:40.687 [Test worker] INFO org.flywaydb.core.internal.command.DbMigrate -- Migrating schema "public" to version "215 - project authoritative worker numbers"
11:53:40.765 [Test worker] INFO org.flywaydb.core.internal.command.DbMigrate -- Successfully applied 1 migration to schema "public", now at version v215 (execution time 00:00.025s)
]]></system-out>
  <system-err><![CDATA[]]></system-err>
</testsuite>
