<?xml version="1.0" encoding="UTF-8"?>
<testsuite name="com.dwp.services.platform.calendar.CalendarWorkLifecyclePostgresIntegrationTest" tests="1" skipped="0" failures="0" errors="0" timestamp="2026-09-16T03:01:02" hostname="MacBook-Pro" time="0.572">
  <properties/>
  <testcase name="personalFocusEventAndExactWorkLinkHaveIndependentReplayAndRemovalLifecycles()" classname="com.dwp.services.platform.calendar.CalendarWorkLifecyclePostgresIntegrationTest" time="0.572"/>
  <system-out><![CDATA[12:00:55.754 [Test worker] INFO tc.postgres:16-alpine -- Creating container for image: postgres:16-alpine
12:00:55.825 [Test worker] INFO tc.postgres:16-alpine -- Container postgres:16-alpine is starting: 03869af4a88414540589e268b0c0ee723855aa03b408bb09301ee02752bf682c
12:00:56.875 [Test worker] INFO tc.postgres:16-alpine -- Container postgres:16-alpine started in PT1.121214S
12:00:56.875 [Test worker] INFO tc.postgres:16-alpine -- Container is started (JDBC URL: jdbc:postgresql://localhost:56875/test?loggerLevel=OFF)
12:00:56.910 [Test worker] INFO org.flywaydb.core.FlywayExecutor -- Database: jdbc:postgresql://localhost:56875/test?adaptiveFetch=false&adaptiveFetchMaximum=-1&adaptiveFetchMinimum=0&allowEncodingChanges=false&ApplicationName=PostgreSQL+JDBC+Driver&autosave=never&binaryTransfer=true&binaryTransferDisable=&binaryTransferEnable=&cancelSignalTimeout=10&channelBinding=prefer&cleanupSavepoints=false&connectTimeout=10&convertBooleanToNumeric=false&databaseMetadataCacheFields=65536&databaseMetadataCacheFieldsMiB=5&defaultRowFetchSize=0&disableColumnSanitiser=false&escapeSyntaxCallMode=select&groupStartupParameters=false&gssEncMode=allow&gsslib=auto&gssResponseTimeout=5000&gssUseDefaultCreds=false&hideUnprivilegedObjects=false&hostRecheckSeconds=10&jaasApplicationName=pgjdbc&jaasLogin=true&loadBalanceHosts=false&loggerLevel=OFF&loginTimeout=0&logServerErrorDetail=true&logUnclosedConnections=false&maxSendBufferSize=8192&pemKeyAlgorithm=RSA&preferQueryMode=extended&preparedStatementCacheQueries=256&preparedStatementCacheSizeMiB=5&prepareThreshold=5&protocolVersion=3&queryTimeout=0&quoteReturningIdentifiers=true&readOnly=false&readOnlyMode=transaction&receiveBufferSize=-1&reWriteBatchedInserts=false&scramMaxIterations=100000&sendBufferSize=-1&socketTimeout=0&sslfactory=org.postgresql.ssl.LibPQFactory&sslNegotiation=postgres&sslResponseTimeout=5000&sspiServiceClass=POSTGRES&targetServerType=any&tcpKeepAlive=false&tcpNoDelay=true&unknownLength=2147483647&useSpnego=false&xmlFactoryFactory= (PostgreSQL 16.15)
12:00:56.926 [Test worker] INFO org.flywaydb.core.internal.schemahistory.JdbcTableSchemaHistory -- Schema history table "public"."flyway_schema_history" does not exist yet
12:00:56.926 [Test worker] INFO org.flywaydb.core.internal.command.clean.CleanExecutor -- Successfully dropped pre-schema database level objects (execution time 00:00.000s)
12:00:56.941 [Test worker] INFO org.flywaydb.core.internal.command.clean.CleanExecutor -- Successfully cleaned schema "public" (execution time 00:00.014s)
12:00:56.950 [Test worker] INFO org.flywaydb.core.internal.command.clean.CleanExecutor -- Successfully cleaned schema "public" (execution time 00:00.008s)
12:00:56.950 [Test worker] INFO org.flywaydb.core.internal.command.clean.CleanExecutor -- Successfully dropped post-schema database level objects (execution time 00:00.000s)
12:00:56.987 [Test worker] INFO org.flywaydb.core.FlywayExecutor -- Database: jdbc:postgresql://localhost:56875/test?adaptiveFetch=false&adaptiveFetchMaximum=-1&adaptiveFetchMinimum=0&allowEncodingChanges=false&ApplicationName=PostgreSQL+JDBC+Driver&autosave=never&binaryTransfer=true&binaryTransferDisable=&binaryTransferEnable=&cancelSignalTimeout=10&channelBinding=prefer&cleanupSavepoints=false&connectTimeout=10&convertBooleanToNumeric=false&databaseMetadataCacheFields=65536&databaseMetadataCacheFieldsMiB=5&defaultRowFetchSize=0&disableColumnSanitiser=false&escapeSyntaxCallMode=select&groupStartupParameters=false&gssEncMode=allow&gsslib=auto&gssResponseTimeout=5000&gssUseDefaultCreds=false&hideUnprivilegedObjects=false&hostRecheckSeconds=10&jaasApplicationName=pgjdbc&jaasLogin=true&loadBalanceHosts=false&loggerLevel=OFF&loginTimeout=0&logServerErrorDetail=true&logUnclosedConnections=false&maxSendBufferSize=8192&pemKeyAlgorithm=RSA&preferQueryMode=extended&preparedStatementCacheQueries=256&preparedStatementCacheSizeMiB=5&prepareThreshold=5&protocolVersion=3&queryTimeout=0&quoteReturningIdentifiers=true&readOnly=false&readOnlyMode=transaction&receiveBufferSize=-1&reWriteBatchedInserts=false&scramMaxIterations=100000&sendBufferSize=-1&socketTimeout=0&sslfactory=org.postgresql.ssl.LibPQFactory&sslNegotiation=postgres&sslResponseTimeout=5000&sspiServiceClass=POSTGRES&targetServerType=any&tcpKeepAlive=false&tcpNoDelay=true&unknownLength=2147483647&useSpnego=false&xmlFactoryFactory= (PostgreSQL 16.15)
12:00:57.081 [Test worker] INFO org.flywaydb.core.internal.schemahistory.JdbcTableSchemaHistory -- Schema history table "public"."flyway_schema_history" does not exist yet
12:00:57.082 [Test worker] INFO org.flywaydb.core.internal.command.DbValidate -- Successfully validated 208 migrations (execution time 00:00.084s)
12:00:57.090 [Test worker] INFO org.flywaydb.core.internal.schemahistory.JdbcTableSchemaHistory -- Creating Schema History table "public"."flyway_schema_history" ...
12:00:57.111 [Test worker] INFO org.flywaydb.core.internal.command.DbMigrate -- Current version of schema "public": << Empty Schema >>
12:00:57.113 [Test worker] INFO org.flywaydb.core.internal.command.DbMigrate -- Migrating schema "public" to version "1 - create platform control plane"
12:00:57.141 [Test worker] INFO org.flywaydb.core.internal.command.DbMigrate -- Migrating schema "public" to version "2 - create product registry"
12:00:57.155 [Test worker] INFO org.flywaydb.core.internal.command.DbMigrate -- Migrating schema "public" to version "3 - add tenant home experience"
12:00:57.164 [Test worker] INFO org.flywaydb.core.internal.command.DbMigrate -- Migrating schema "public" to version "4 - add branding home preferences and announcements"
12:00:57.182 [Test worker] INFO org.flywaydb.core.internal.command.DbMigrate -- Migrating schema "public" to version "5 - add navigation localization and admin command foundation"
12:00:57.221 [Test worker] INFO org.flywaydb.core.internal.command.DbMigrate -- Migrating schema "public" to version "6 - create personal preferences"
12:00:57.229 [Test worker] INFO org.flywaydb.core.internal.command.DbMigrate -- Migrating schema "public" to version "7 - seed default runtime navigation"
12:00:57.240 [Test worker] INFO org.flywaydb.core.internal.command.DbMigrate -- Migrating schema "public" to version "8 - seed default app registry"
12:00:57.249 [Test worker] INFO org.flywaydb.core.internal.command.DbMigrate -- Migrating schema "public" to version "9 - create partitioned api history"
12:00:57.262 [Test worker] INFO org.flywaydb.core.internal.sqlscript.DefaultSqlScriptExecutor -- +----------------------------------+
| sys_ensure_api_history_partition |
+----------------------------------+
|                                  |
+----------------------------------+

12:00:57.266 [Test worker] INFO org.flywaydb.core.internal.sqlscript.DefaultSqlScriptExecutor -- +----------------------------------+
| sys_ensure_api_history_partition |
+----------------------------------+
|                                  |
+----------------------------------+

12:00:57.271 [Test worker] INFO org.flywaydb.core.internal.sqlscript.DefaultSqlScriptExecutor -- +----------------------------------+
| sys_ensure_api_history_partition |
+----------------------------------+
|                                  |
+----------------------------------+

12:00:57.301 [Test worker] INFO org.flywaydb.core.internal.command.DbMigrate -- Migrating schema "public" to version "10 - add provider tenant registry"
12:00:57.321 [Test worker] INFO org.flywaydb.core.internal.command.DbMigrate -- Migrating schema "public" to version "11 - create enterprise audit control plane"
12:00:57.338 [Test worker] INFO org.flywaydb.core.internal.sqlscript.DefaultSqlScriptExecutor -- +----------------------------------+
| sys_ensure_audit_event_partition |
+----------------------------------+
|                                  |
+----------------------------------+

12:00:57.343 [Test worker] INFO org.flywaydb.core.internal.sqlscript.DefaultSqlScriptExecutor -- +----------------------------------+
| sys_ensure_audit_event_partition |
+----------------------------------+
|                                  |
+----------------------------------+

12:00:57.348 [Test worker] INFO org.flywaydb.core.internal.sqlscript.DefaultSqlScriptExecutor -- +----------------------------------+
| sys_ensure_audit_event_partition |
+----------------------------------+
|                                  |
+----------------------------------+

12:00:57.444 [Test worker] INFO org.flywaydb.core.internal.command.DbMigrate -- Migrating schema "public" to version "12 - apply skax demo branding"
12:00:57.460 [Test worker] INFO org.flywaydb.core.internal.command.DbMigrate -- Migrating schema "public" to version "13 - add audit investigation workspace"
12:00:57.506 [Test worker] INFO org.flywaydb.core.internal.command.DbMigrate -- Migrating schema "public" to version "14 - add system code contract registry"
12:00:57.558 [Test worker] INFO org.flywaydb.core.internal.command.DbMigrate -- Migrating schema "public" to version "15 - register complete system code contracts"
12:00:57.633 [Test worker] INFO org.flywaydb.core.internal.command.DbMigrate -- Migrating schema "public" to version "16 - register api and json code contracts"
12:00:57.652 [Test worker] INFO org.flywaydb.core.internal.command.DbMigrate -- Migrating schema "public" to version "17 - register role catalog internal contracts"
12:00:57.664 [Test worker] INFO org.flywaydb.core.internal.command.DbMigrate -- Migrating schema "public" to version "18 - close typed code contract gaps and revisioning"
12:00:57.687 [Test worker] INFO org.flywaydb.core.internal.command.DbMigrate -- Migrating schema "public" to version "19 - govern system code runtime visibility"
12:00:57.712 [Test worker] INFO org.flywaydb.core.internal.command.DbMigrate -- Migrating schema "public" to version "20 - register people and workforce applications"
12:00:57.722 [Test worker] INFO org.flywaydb.core.internal.command.DbMigrate -- Migrating schema "public" to version "21 - restrict workforce approval role contract"
12:00:57.731 [Test worker] INFO org.flywaydb.core.internal.command.DbMigrate -- Migrating schema "public" to version "22 - seed skax reference data catalog"
12:00:57.754 [Test worker] INFO org.flywaydb.core.internal.command.DbMigrate -- Migrating schema "public" to version "23 - register product catalog read permission"
12:00:57.763 [Test worker] INFO org.flywaydb.core.internal.command.DbMigrate -- Migrating schema "public" to version "24 - register role delegation code contracts"
12:00:57.778 [Test worker] INFO org.flywaydb.core.internal.command.DbMigrate -- Migrating schema "public" to version "25 - register data governance code contracts"
12:00:57.795 [Test worker] INFO org.flywaydb.core.internal.command.DbMigrate -- Migrating schema "public" to version "26 - create workspace runtime"
12:00:57.829 [Test worker] INFO org.flywaydb.core.internal.command.DbMigrate -- Migrating schema "public" to version "27 - align workspace capability descriptions"
12:00:57.844 [Test worker] INFO org.flywaydb.core.internal.command.DbMigrate -- Migrating schema "public" to version "28 - register workspace runtime code contracts"
12:00:57.857 [Test worker] INFO org.flywaydb.core.internal.command.DbMigrate -- Migrating schema "public" to version "29 - register access review code contracts"
12:00:57.873 [Test worker] INFO org.flywaydb.core.internal.command.DbMigrate -- Migrating schema "public" to version "30 - create governed saved views"
12:00:57.906 [Test worker] INFO org.flywaydb.core.internal.command.DbMigrate -- Migrating schema "public" to version "31 - create productivity connector control plane"
12:00:57.973 [Test worker] INFO org.flywaydb.core.internal.command.DbMigrate -- Migrating schema "public" to version "32 - index cross domain audit projection"
12:00:57.997 [Test worker] INFO org.flywaydb.core.internal.command.DbMigrate -- Migrating schema "public" to version "33 - register hris operational code contracts"
12:00:58.012 [Test worker] INFO org.flywaydb.core.internal.command.DbMigrate -- Migrating schema "public" to version "34 - register productivity code contracts"
12:00:58.029 [Test worker] INFO org.flywaydb.core.internal.command.DbMigrate -- Migrating schema "public" to version "35 - register productivity typed contracts"
12:00:58.044 [Test worker] INFO org.flywaydb.core.internal.command.DbMigrate -- Migrating schema "public" to version "36 - register governed ask agent"
12:00:58.053 [Test worker] INFO org.flywaydb.core.internal.command.DbMigrate -- Migrating schema "public" to version "37 - backfill governed ask agent for service tenants"
12:00:58.064 [Test worker] INFO org.flywaydb.core.internal.command.DbMigrate -- Migrating schema "public" to version "38 - create audit case closure reports"
12:00:58.088 [Test worker] INFO org.flywaydb.core.internal.command.DbMigrate -- Migrating schema "public" to version "39 - enforce closed audit case immutability"
12:00:58.113 [Test worker] INFO org.flywaydb.core.internal.command.DbMigrate -- Migrating schema "public" to version "40 - complete closed audit finding guard"
12:00:58.143 [Test worker] INFO org.flywaydb.core.internal.command.DbMigrate -- Migrating schema "public" to version "41 - create announcement engagement evidence"
12:00:58.162 [Test worker] INFO org.flywaydb.core.internal.command.DbMigrate -- Migrating schema "public" to version "42 - create experience studio revisions"
12:00:58.186 [Test worker] INFO org.flywaydb.core.internal.command.DbMigrate -- Migrating schema "public" to version "43 - register wave2 code contracts"
12:00:58.203 [Test worker] INFO org.flywaydb.core.internal.command.DbMigrate -- Migrating schema "public" to version "44 - create tenant catalog relationships"
12:00:58.240 [Test worker] INFO org.flywaydb.core.internal.command.DbMigrate -- Migrating schema "public" to version "45 - create navigation studio revisions"
12:00:58.264 [Test worker] INFO org.flywaydb.core.internal.command.DbMigrate -- Migrating schema "public" to version "46 - create workspace app access requests"
12:00:58.292 [Test worker] INFO org.flywaydb.core.internal.command.DbMigrate -- Migrating schema "public" to version "47 - evolve personal preferences v2"
12:00:58.311 [Test worker] INFO org.flywaydb.core.internal.command.DbMigrate -- Migrating schema "public" to version "48 - expire workspace app access requests"
12:00:58.328 [Test worker] INFO org.flywaydb.core.internal.command.DbMigrate -- Migrating schema "public" to version "49 - add audit policy revision governance"
12:00:58.351 [Test worker] INFO org.flywaydb.core.internal.command.DbMigrate -- Migrating schema "public" to version "50 - add catalog assurance governance"
12:00:58.376 [Test worker] INFO org.flywaydb.core.internal.command.DbMigrate -- Migrating schema "public" to version "51 - govern managed preference exceptions"
12:00:58.407 [Test worker] INFO org.flywaydb.core.internal.command.DbMigrate -- Migrating schema "public" to version "52 - create localization revision studio"
12:00:58.432 [Test worker] INFO org.flywaydb.core.internal.command.DbMigrate -- Migrating schema "public" to version "53 - govern team saved view ownership"
12:00:58.460 [Test worker] INFO org.flywaydb.core.internal.command.DbMigrate -- Migrating schema "public" to version "54 - register workforce and event code contracts"
12:00:58.477 [Test worker] INFO org.flywaydb.core.internal.command.DbMigrate -- Migrating schema "public" to version "55 - register wave3 governance code contracts"
12:00:58.498 [Test worker] INFO org.flywaydb.core.internal.command.DbMigrate -- Migrating schema "public" to version "56 - register domain event typed contracts"
12:00:58.508 [Test worker] INFO org.flywaydb.core.internal.command.DbMigrate -- Migrating schema "public" to version "57 - unify people experience under hr"
12:00:58.517 [Test worker] INFO org.flywaydb.core.internal.command.DbMigrate -- Migrating schema "public" to version "58 - name hris product surface"
12:00:58.528 [Test worker] INFO org.flywaydb.core.internal.command.DbMigrate -- Migrating schema "public" to version "59 - complete app access fulfilment lifecycle"
12:00:58.551 [Test worker] INFO org.flywaydb.core.internal.command.DbMigrate -- Migrating schema "public" to version "60 - create enterprise communications experience"
12:00:58.589 [Test worker] INFO org.flywaydb.core.internal.command.DbMigrate -- Migrating schema "public" to version "61 - harden communications governance and reactions"
12:00:58.608 [Test worker] INFO org.flywaydb.core.internal.command.DbMigrate -- Migrating schema "public" to version "62 - create employee service center"
12:00:58.653 [Test worker] INFO org.flywaydb.core.internal.command.DbMigrate -- Migrating schema "public" to version "63 - harden and seed service operations"
12:00:58.673 [Test worker] INFO org.flywaydb.core.internal.command.DbMigrate -- Migrating schema "public" to version "64 - register scoped admin communications and service contracts"
12:00:58.695 [Test worker] INFO org.flywaydb.core.internal.command.DbMigrate -- Migrating schema "public" to version "65 - reconcile announcement and support access contracts"
12:00:58.705 [Test worker] INFO org.flywaydb.core.internal.command.DbMigrate -- Migrating schema "public" to version "66 - project delegated and control plane roles"
12:00:58.717 [Test worker] INFO org.flywaydb.core.internal.command.DbMigrate -- Migrating schema "public" to version "67 - evolve personal home surfaces"
12:00:58.736 [Test worker] INFO org.flywaydb.core.internal.command.DbMigrate -- Migrating schema "public" to version "68 - register tenant authorization template contracts"
12:00:58.749 [Test worker] INFO org.flywaydb.core.internal.command.DbMigrate -- Migrating schema "public" to version "69 - create enterprise calendar"
12:00:58.816 [Test worker] INFO org.flywaydb.core.internal.command.DbMigrate -- Migrating schema "public" to version "70 - register approval home and workspace app"
12:00:58.827 [Test worker] INFO org.flywaydb.core.internal.command.DbMigrate -- Migrating schema "public" to version "71 - harden calendar identity and booking governance"
12:00:58.843 [Test worker] INFO org.flywaydb.core.internal.command.DbMigrate -- Migrating schema "public" to version "72 - enforce calendar resource booking integrity"
12:00:58.910 [Test worker] INFO org.flywaydb.core.internal.command.DbMigrate -- Migrating schema "public" to version "73 - expand people service catalog"
12:00:58.924 [Test worker] INFO org.flywaydb.core.internal.command.DbMigrate -- Migrating schema "public" to version "74 - seed complete skax calendar workforce"
12:00:59.111 [Test worker] INFO org.flywaydb.core.internal.command.DbMigrate -- Migrating schema "public" to version "75 - separate skax calendar reminders"
12:00:59.130 [Test worker] INFO org.flywaydb.core.internal.command.DbMigrate -- Migrating schema "public" to version "76 - align skax absence and room schedules"
12:00:59.143 [Test worker] INFO org.flywaydb.core.internal.command.DbMigrate -- Migrating schema "public" to version "77 - govern home launchpad configuration"
12:00:59.155 [Test worker] INFO org.flywaydb.core.internal.command.DbMigrate -- Migrating schema "public" to version "78 - adopt dwp hcm product contract"
12:00:59.177 [Test worker] INFO org.flywaydb.core.internal.command.DbMigrate -- Migrating schema "public" to version "90 - personalize workspace home work items"
12:00:59.199 [Test worker] INFO org.flywaydb.core.internal.command.DbMigrate -- Migrating schema "public" to version "91 - govern home recommendations and widget metadata"
12:00:59.212 [Test worker] INFO org.flywaydb.core.internal.command.DbMigrate -- Migrating schema "public" to version "92 - stabilize calendar person ownership"
12:00:59.253 [Test worker] INFO org.flywaydb.core.internal.command.DbMigrate -- Migrating schema "public" to version "93 - normalize calendar identity references"
12:00:59.279 [Test worker] INFO org.flywaydb.core.internal.command.DbMigrate -- Migrating schema "public" to version "94 - register hcm calendar home and approval code contracts"
12:00:59.328 [Test worker] INFO org.flywaydb.core.internal.command.DbMigrate -- Migrating schema "public" to version "95 - exclude retired code sets from registry health"
12:00:59.338 [Test worker] INFO org.flywaydb.core.internal.command.DbMigrate -- Migrating schema "public" to version "96 - project calendar approval and hcm roles"
12:00:59.348 [Test worker] INFO org.flywaydb.core.internal.command.DbMigrate -- Migrating schema "public" to version "97 - register home overview section status contract"
12:00:59.359 [Test worker] INFO org.flywaydb.core.internal.command.DbMigrate -- Migrating schema "public" to version "98 - retire unowned platform placeholders"
12:00:59.409 [Test worker] INFO org.flywaydb.core.internal.command.DbMigrate -- Migrating schema "public" to version "99 - register hr home domain state contracts"
12:00:59.422 [Test worker] INFO org.flywaydb.core.internal.command.DbMigrate -- Migrating schema "public" to version "100 - promote shared classification and risk contracts"
12:00:59.434 [Test worker] INFO org.flywaydb.core.internal.command.DbMigrate -- Migrating schema "public" to version "101 - separate fixed home zones from personal widgets"
12:00:59.446 [Test worker] INFO org.flywaydb.core.internal.command.DbMigrate -- Migrating schema "public" to version "102 - add fractional home widget footprints"
12:00:59.458 [Test worker] INFO org.flywaydb.core.internal.command.DbMigrate -- Migrating schema "public" to version "103 - govern tenant home composition"
12:00:59.478 [Test worker] INFO org.flywaydb.core.internal.command.DbMigrate -- Migrating schema "public" to version "104 - enrich joonbin personal home seed"
12:00:59.494 [Test worker] INFO org.flywaydb.core.internal.command.DbMigrate -- Migrating schema "public" to version "105 - assign distinct communication cover images"
12:00:59.504 [Test worker] INFO org.flywaydb.core.internal.command.DbMigrate -- Migrating schema "public" to version "106 - optimize communication cover image formats"
12:00:59.515 [Test worker] INFO org.flywaydb.core.internal.command.DbMigrate -- Migrating schema "public" to version "107 - restore personal workspace tools"
12:00:59.533 [Test worker] INFO org.flywaydb.core.internal.command.DbMigrate -- Migrating schema "public" to version "108 - govern home widget heights"
12:00:59.553 [Test worker] INFO org.flywaydb.core.internal.command.DbMigrate -- Migrating schema "public" to version "120 - create enterprise mail domain"
12:00:59.635 [Test worker] INFO org.flywaydb.core.internal.command.DbMigrate -- Migrating schema "public" to version "121 - seed skax enterprise mail"
12:00:59.673 [Test worker] INFO org.flywaydb.core.internal.command.DbMigrate -- Migrating schema "public" to version "122 - promote native mail application"
12:00:59.690 [Test worker] INFO org.flywaydb.core.internal.command.DbMigrate -- Migrating schema "public" to version "123 - register enterprise spaces"
12:00:59.704 [Test worker] INFO org.flywaydb.core.internal.command.DbMigrate -- Migrating schema "public" to version "124 - backfill skax mail for all active members"
12:00:59.778 [Test worker] INFO org.flywaydb.core.internal.command.DbMigrate -- Migrating schema "public" to version "125 - complete skax shared mail collaboration"
12:00:59.802 [Test worker] INFO org.flywaydb.core.internal.command.DbMigrate -- Migrating schema "public" to version "126 - register enterprise space code contracts"
12:00:59.837 [Test worker] INFO org.flywaydb.core.internal.command.DbMigrate -- Migrating schema "public" to version "127 - register space operations code contracts"
12:00:59.863 [Test worker] INFO org.flywaydb.core.internal.command.DbMigrate -- Migrating schema "public" to version "128 - version governed mail action contracts"
12:00:59.886 [Test worker] INFO org.flywaydb.core.internal.command.DbMigrate -- Migrating schema "public" to version "129 - register space owner recovery policy type"
12:00:59.903 [Test worker] INFO org.flywaydb.core.internal.command.DbMigrate -- Migrating schema "public" to version "130 - complete space owner recovery code contract"
12:00:59.922 [Test worker] INFO org.flywaydb.core.internal.command.DbMigrate -- Migrating schema "public" to version "140 - harden governed mail action invariants"
12:00:59.946 [Test worker] INFO org.flywaydb.core.internal.command.DbMigrate -- Migrating schema "public" to version "141 - operationalize mail delivery outbox"
12:00:59.982 [Test worker] INFO org.flywaydb.core.internal.command.DbMigrate -- Migrating schema "public" to version "142 - support mail thread folder membership"
12:01:00.011 [Test worker] INFO org.flywaydb.core.internal.command.DbMigrate -- Migrating schema "public" to version "143 - unify dwaion product identity"
12:01:00.030 [Test worker] INFO org.flywaydb.core.internal.command.DbMigrate -- Migrating schema "public" to version "144 - register enterprise rooms"
12:01:00.045 [Test worker] INFO org.flywaydb.core.internal.command.DbMigrate -- Migrating schema "public" to version "145 - adopt dwaion workspace route"
12:01:00.061 [Test worker] INFO org.flywaydb.core.internal.command.DbMigrate -- Migrating schema "public" to version "146 - create enterprise workplace"
12:01:00.145 [Test worker] INFO org.flywaydb.core.internal.command.DbMigrate -- Migrating schema "public" to version "147 - enforce workplace tenant relations"
12:01:00.182 [Test worker] INFO org.flywaydb.core.internal.command.DbMigrate -- Migrating schema "public" to version "148 - harden workplace booking invariants"
12:01:00.202 [Test worker] INFO org.flywaydb.core.internal.command.DbMigrate -- Migrating schema "public" to version "149 - register enterprise messaging"
12:01:00.224 [Test worker] INFO org.flywaydb.core.internal.command.DbMigrate -- Migrating schema "public" to version "150 - register governed approval expert"
12:01:00.247 [Test worker] INFO org.flywaydb.core.internal.command.DbMigrate -- Migrating schema "public" to version "151 - register notification center"
12:01:00.277 [Test worker] INFO org.flywaydb.core.internal.command.DbMigrate -- Migrating schema "public" to version "152 - complete workplace booking lifecycle"
12:01:00.302 [Test worker] INFO org.flywaydb.core.internal.command.DbMigrate -- Migrating schema "public" to version "153 - require workplace assignee identity"
12:01:00.325 [Test worker] INFO org.flywaydb.core.internal.command.DbMigrate -- Migrating schema "public" to version "154 - publish dwaion navigation identity"
12:01:00.351 [Test worker] INFO org.flywaydb.core.internal.command.DbMigrate -- Migrating schema "public" to version "155 - register governed reference planner"
12:01:00.378 [Test worker] INFO org.flywaydb.core.internal.command.DbMigrate -- Migrating schema "public" to version "156 - harden workplace booking operations"
12:01:00.412 [Test worker] INFO org.flywaydb.core.internal.command.DbMigrate -- Migrating schema "public" to version "157 - add workplace spatial governance"
12:01:00.586 [Test worker] INFO org.flywaydb.core.internal.command.DbMigrate -- Migrating schema "public" to version "158 - operationalize tenant media cleanup"
12:01:00.605 [Test worker] INFO org.flywaydb.core.internal.command.DbMigrate -- Migrating schema "public" to version "159 - govern workplace audit and privacy"
12:01:00.647 [Test worker] INFO org.flywaydb.core.internal.command.DbMigrate -- Migrating schema "public" to version "160 - govern assigned workspace release windows"
12:01:00.674 [Test worker] INFO org.flywaydb.core.internal.command.DbMigrate -- Migrating schema "public" to version "161 - make workplace release windows idempotent"
12:01:00.692 [Test worker] INFO org.flywaydb.core.internal.command.DbMigrate -- Migrating schema "public" to version "162 - harden workplace transaction privacy media lifecycle"
12:01:00.752 [Test worker] INFO org.flywaydb.core.internal.command.DbMigrate -- Migrating schema "public" to version "163 - harden calendar event idempotency"
12:01:00.777 [Test worker] INFO org.flywaydb.core.internal.command.DbMigrate -- Migrating schema "public" to version "164 - canonicalize workplace policy hash and media reconciliation"
12:01:00.802 [Test worker] INFO org.flywaydb.core.internal.command.DbMigrate -- Migrating schema "public" to version "165 - register recent database check contracts"
12:01:00.840 [Test worker] INFO org.flywaydb.core.internal.command.DbMigrate -- Migrating schema "public" to version "166 - project recent governed roles"
12:01:00.855 [Test worker] INFO org.flywaydb.core.internal.command.DbMigrate -- Migrating schema "public" to version "167 - align privileged role projection"
12:01:00.865 [Test worker] INFO org.flywaydb.core.internal.command.DbMigrate -- Migrating schema "public" to version "168 - register notification audit outbox contract"
12:01:00.883 [Test worker] INFO org.flywaydb.core.internal.command.DbMigrate -- Migrating schema "public" to version "169 - register notification database check contracts"
12:01:00.924 [Test worker] INFO org.flywaydb.core.internal.command.DbMigrate -- Migrating schema "public" to version "170 - project notification template approver role"
12:01:00.943 [Test worker] INFO org.flywaydb.core.internal.command.DbMigrate -- Migrating schema "public" to version "171 - create bounded home personalization"
12:01:01.016 [Test worker] INFO org.flywaydb.core.internal.command.DbMigrate -- Migrating schema "public" to version "172 - harden home composer undo"
12:01:01.036 [Test worker] INFO org.flywaydb.core.internal.command.DbMigrate -- Migrating schema "public" to version "173 - harden home personalization integrity"
12:01:01.042 [Test worker] INFO org.flywaydb.core.internal.proprietaryStubs.ErrorOverridesSupportStub -- DB: constraint "ck_usr_home_composer_expiry" of relation "usr_home_composer_proposals" does not exist, skipping
12:01:01.096 [Test worker] INFO org.flywaydb.core.internal.command.DbMigrate -- Migrating schema "public" to version "174 - finalize home personalization cutover safety"
12:01:01.148 [Test worker] INFO org.flywaydb.core.internal.proprietaryStubs.ErrorOverridesSupportStub -- DB: constraint "ck_usr_home_view_integrity_state" of relation "usr_home_views" does not exist, skipping
12:01:01.148 [Test worker] INFO org.flywaydb.core.internal.proprietaryStubs.ErrorOverridesSupportStub -- DB: constraint "ck_usr_home_view_layout_size" of relation "usr_home_views" does not exist, skipping
12:01:01.155 [Test worker] INFO org.flywaydb.core.internal.proprietaryStubs.ErrorOverridesSupportStub -- DB: constraint "ck_usr_home_view_revision_snapshot_size" of relation "usr_home_view_revisions" does not exist, skipping
12:01:01.158 [Test worker] INFO org.flywaydb.core.internal.proprietaryStubs.ErrorOverridesSupportStub -- DB: constraint "ck_usr_home_device_overlay_size" of relation "usr_home_view_device_layouts" does not exist, skipping
12:01:01.160 [Test worker] INFO org.flywaydb.core.internal.proprietaryStubs.ErrorOverridesSupportStub -- DB: constraint "ck_usr_home_widget_configuration_size" of relation "usr_home_widget_configurations" does not exist, skipping
12:01:01.163 [Test worker] INFO org.flywaydb.core.internal.proprietaryStubs.ErrorOverridesSupportStub -- DB: constraint "ck_adm_home_template_layout_size" of relation "adm_home_templates" does not exist, skipping
12:01:01.164 [Test worker] INFO org.flywaydb.core.internal.proprietaryStubs.ErrorOverridesSupportStub -- DB: constraint "ck_adm_home_template_revision_snapshot_size" of relation "adm_home_template_revisions" does not exist, skipping
12:01:01.167 [Test worker] INFO org.flywaydb.core.internal.proprietaryStubs.ErrorOverridesSupportStub -- DB: constraint "ck_usr_home_composer_before_size" of relation "usr_home_composer_proposals" does not exist, skipping
12:01:01.167 [Test worker] INFO org.flywaydb.core.internal.proprietaryStubs.ErrorOverridesSupportStub -- DB: constraint "ck_usr_home_composer_proposed_size" of relation "usr_home_composer_proposals" does not exist, skipping
12:01:01.167 [Test worker] INFO org.flywaydb.core.internal.proprietaryStubs.ErrorOverridesSupportStub -- DB: constraint "ck_usr_home_composer_changes_size" of relation "usr_home_composer_proposals" does not exist, skipping
12:01:01.171 [Test worker] INFO org.flywaydb.core.internal.proprietaryStubs.ErrorOverridesSupportStub -- DB: constraint "ck_usr_home_command_receipt_response_size" of relation "usr_home_command_receipts" does not exist, skipping
12:01:01.201 [Test worker] INFO org.flywaydb.core.internal.command.DbMigrate -- Migrating schema "public" to version "175 - widen home command receipt response type"
12:01:01.216 [Test worker] INFO org.flywaydb.core.internal.command.DbMigrate -- Migrating schema "public" to version "176 - preserve home view customization state"
12:01:01.231 [Test worker] INFO org.flywaydb.core.internal.command.DbMigrate -- Migrating schema "public" to version "177 - allow compact home response hub"
12:01:01.247 [Test worker] INFO org.flywaydb.core.internal.command.DbMigrate -- Migrating schema "public" to version "178 - classify workspace home projection"
12:01:01.285 [Test worker] INFO org.flywaydb.core.internal.command.DbMigrate -- Migrating schema "public" to version "179 - create product surface ux telemetry"
12:01:01.323 [Test worker] INFO org.flywaydb.core.internal.command.DbMigrate -- Migrating schema "public" to version "180 - add review workspace work items"
12:01:01.342 [Test worker] INFO org.flywaydb.core.internal.command.DbMigrate -- Migrating schema "public" to version "181 - align product surface scope kind telemetry"
12:01:01.358 [Test worker] INFO org.flywaydb.core.internal.command.DbMigrate -- Migrating schema "public" to version "182 - register product authorization operations contracts"
12:01:01.380 [Test worker] INFO org.flywaydb.core.internal.command.DbMigrate -- Migrating schema "public" to version "183 - register enterprise video meetings"
12:01:01.396 [Test worker] INFO org.flywaydb.core.internal.command.DbMigrate -- Migrating schema "public" to version "184 - complete saved view custody lifecycle"
12:01:01.423 [Test worker] INFO org.flywaydb.core.internal.command.DbMigrate -- Migrating schema "public" to version "185 - fence workplace media cleanup"
12:01:01.438 [Test worker] INFO org.flywaydb.core.internal.command.DbMigrate -- Migrating schema "public" to version "186 - enhance home experience presentation"
12:01:01.457 [Test worker] INFO org.flywaydb.core.internal.command.DbMigrate -- Migrating schema "public" to version "187 - align provider audit event category contract"
12:01:01.472 [Test worker] INFO org.flywaydb.core.internal.command.DbMigrate -- Migrating schema "public" to version "190 - reconcile database check contract registry"
12:01:01.507 [Test worker] INFO org.flywaydb.core.internal.command.DbMigrate -- Migrating schema "public" to version "191 - receipt provider tenant commands"
12:01:01.525 [Test worker] INFO org.flywaydb.core.internal.command.DbMigrate -- Migrating schema "public" to version "192 - govern calendar sharing and personalization"
12:01:01.620 [Test worker] INFO org.flywaydb.core.internal.command.DbMigrate -- Migrating schema "public" to version "193 - register latest database check contracts"
12:01:01.667 [Test worker] INFO org.flywaydb.core.internal.command.DbMigrate -- Migrating schema "public" to version "194 - reconcile calendar and people receipt check contracts"
12:01:01.703 [Test worker] INFO org.flywaydb.core.internal.command.DbMigrate -- Migrating schema "public" to version "195 - project meeting administrator role"
12:01:01.715 [Test worker] INFO org.flywaydb.core.internal.command.DbMigrate -- Migrating schema "public" to version "196 - converge calendar sharing governance"
12:01:01.717 [Test worker] WARN org.flywaydb.core.internal.proprietaryStubs.ErrorOverridesSupportStub -- DB: relation "uk_cal_grants_tenant_principal" already exists, skipping (SQL State: 42P07 - Error Code: 0)
12:01:01.718 [Test worker] WARN org.flywaydb.core.internal.proprietaryStubs.ErrorOverridesSupportStub -- DB: relation "uk_cal_grants_person_principal" already exists, skipping (SQL State: 42P07 - Error Code: 0)
12:01:01.719 [Test worker] WARN org.flywaydb.core.internal.proprietaryStubs.ErrorOverridesSupportStub -- DB: relation "uk_cal_grants_group_principal" already exists, skipping (SQL State: 42P07 - Error Code: 0)
12:01:01.720 [Test worker] WARN org.flywaydb.core.internal.proprietaryStubs.ErrorOverridesSupportStub -- DB: relation "idx_cal_grants_person_lookup" already exists, skipping (SQL State: 42P07 - Error Code: 0)
12:01:01.721 [Test worker] WARN org.flywaydb.core.internal.proprietaryStubs.ErrorOverridesSupportStub -- DB: relation "idx_cal_grants_group_lookup" already exists, skipping (SQL State: 42P07 - Error Code: 0)
12:01:01.722 [Test worker] WARN org.flywaydb.core.internal.proprietaryStubs.ErrorOverridesSupportStub -- DB: relation "idx_cal_subscriptions_favorite" already exists, skipping (SQL State: 42P07 - Error Code: 0)
12:01:01.724 [Test worker] WARN org.flywaydb.core.internal.proprietaryStubs.ErrorOverridesSupportStub -- DB: relation "idx_cal_event_preferences_starred" already exists, skipping (SQL State: 42P07 - Error Code: 0)
12:01:01.725 [Test worker] WARN org.flywaydb.core.internal.proprietaryStubs.ErrorOverridesSupportStub -- DB: relation "uk_cal_event_tombstones_source" already exists, skipping (SQL State: 42P07 - Error Code: 0)
12:01:01.743 [Test worker] INFO org.flywaydb.core.internal.command.DbMigrate -- Migrating schema "public" to version "197 - project publish permission action"
12:01:01.768 [Test worker] INFO org.flywaydb.core.internal.command.DbMigrate -- Migrating schema "public" to version "198 - govern latest java enum contracts"
12:01:01.815 [Test worker] INFO org.flywaydb.core.internal.command.DbMigrate -- Migrating schema "public" to version "199 - snapshot saved view lifecycle evidence"
12:01:01.840 [Test worker] INFO org.flywaydb.core.internal.command.DbMigrate -- Migrating schema "public" to version "200 - align legacy home content with background position"
12:01:01.864 [Test worker] INFO org.flywaydb.core.internal.command.DbMigrate -- Migrating schema "public" to version "202 - reconcile support containment and mail check contracts"
12:01:01.906 [Test worker] INFO org.flywaydb.core.internal.command.DbMigrate -- Migrating schema "public" to version "203 - complete personal mail organization"
12:01:02.023 [Test worker] INFO org.flywaydb.core.internal.command.DbMigrate -- Migrating schema "public" to version "204 - align authority containment origin check contracts"
12:01:02.028 [Test worker] INFO org.flywaydb.core.internal.sqlscript.DefaultSqlScriptExecutor -- +-----------------------+
| pg_advisory_xact_lock |
+-----------------------+
|                       |
+-----------------------+

12:01:02.071 [Test worker] INFO org.flywaydb.core.internal.command.DbMigrate -- Migrating schema "public" to version "205 - govern meeting and mail organization code contracts"
12:01:02.074 [Test worker] INFO org.flywaydb.core.internal.sqlscript.DefaultSqlScriptExecutor -- +-----------------------+
| pg_advisory_xact_lock |
+-----------------------+
|                       |
+-----------------------+

12:01:02.135 [Test worker] INFO org.flywaydb.core.internal.command.DbMigrate -- Migrating schema "public" to version "206 - govern widget registry command target contract"
12:01:02.137 [Test worker] INFO org.flywaydb.core.internal.sqlscript.DefaultSqlScriptExecutor -- +-----------------------+
| pg_advisory_xact_lock |
+-----------------------+
|                       |
+-----------------------+

12:01:02.163 [Test worker] INFO org.flywaydb.core.internal.command.DbMigrate -- Migrating schema "public" to version "207 - reconcile widget registry ingress failure contract"
12:01:02.164 [Test worker] INFO org.flywaydb.core.internal.sqlscript.DefaultSqlScriptExecutor -- +-----------------------+
| pg_advisory_xact_lock |
+-----------------------+
|                       |
+-----------------------+

12:01:02.191 [Test worker] INFO org.flywaydb.core.internal.command.DbMigrate -- Migrating schema "public" to version "208 - fence mail rule execution and access"
12:01:02.234 [Test worker] INFO org.flywaydb.core.internal.command.DbMigrate -- Migrating schema "public" to version "209 - reconcile fresh service check contracts"
12:01:02.235 [Test worker] INFO org.flywaydb.core.internal.sqlscript.DefaultSqlScriptExecutor -- +-----------------------+
| pg_advisory_xact_lock |
+-----------------------+
|                       |
+-----------------------+

12:01:02.281 [Test worker] INFO org.flywaydb.core.internal.command.DbMigrate -- Migrating schema "public" to version "210 - govern latest product surface and meeting enums"
12:01:02.283 [Test worker] INFO org.flywaydb.core.internal.sqlscript.DefaultSqlScriptExecutor -- +-----------------------+
| pg_advisory_xact_lock |
+-----------------------+
|                       |
+-----------------------+

12:01:02.320 [Test worker] INFO org.flywaydb.core.internal.command.DbMigrate -- Migrating schema "public" to version "211 - fence mail tenant relations"
12:01:02.429 [Test worker] INFO org.flywaydb.core.internal.command.DbMigrate -- Migrating schema "public" to version "212 - govern room booking eligibility reason"
12:01:02.430 [Test worker] INFO org.flywaydb.core.internal.sqlscript.DefaultSqlScriptExecutor -- +-----------------------+
| pg_advisory_xact_lock |
+-----------------------+
|                       |
+-----------------------+

12:01:02.449 [Test worker] INFO org.flywaydb.core.internal.command.DbMigrate -- Migrating schema "public" to version "213 - register meeting media runtime check contracts"
12:01:02.450 [Test worker] INFO org.flywaydb.core.internal.sqlscript.DefaultSqlScriptExecutor -- +-----------------------+
| pg_advisory_xact_lock |
+-----------------------+
|                       |
+-----------------------+

12:01:02.480 [Test worker] INFO org.flywaydb.core.internal.command.DbMigrate -- Migrating schema "public" to version "214 - govern mail draft receipt and meeting webhook enums"
12:01:02.481 [Test worker] INFO org.flywaydb.core.internal.sqlscript.DefaultSqlScriptExecutor -- +-----------------------+
| pg_advisory_xact_lock |
+-----------------------+
|                       |
+-----------------------+

12:01:02.519 [Test worker] INFO org.flywaydb.core.internal.command.DbMigrate -- Migrating schema "public" to version "215 - retire unsupported meeting climate signals"
12:01:02.520 [Test worker] INFO org.flywaydb.core.internal.sqlscript.DefaultSqlScriptExecutor -- +-----------------------+
| pg_advisory_xact_lock |
+-----------------------+
|                       |
+-----------------------+

12:01:02.534 [Test worker] INFO org.flywaydb.core.internal.command.DbMigrate -- Migrating schema "public" to version "216 - register meeting recording check contracts"
12:01:02.536 [Test worker] INFO org.flywaydb.core.internal.sqlscript.DefaultSqlScriptExecutor -- +-----------------------+
| pg_advisory_xact_lock |
+-----------------------+
|                       |
+-----------------------+

12:01:02.567 [Test worker] INFO org.flywaydb.core.internal.command.DbMigrate -- Migrating schema "public" to version "217 - bind meeting recording typed contracts"
12:01:02.568 [Test worker] INFO org.flywaydb.core.internal.sqlscript.DefaultSqlScriptExecutor -- +-----------------------+
| pg_advisory_xact_lock |
+-----------------------+
|                       |
+-----------------------+

12:01:02.592 [Test worker] INFO org.flywaydb.core.internal.command.DbMigrate -- Migrating schema "public" to version "218 - register meeting transcript retention check contracts"
12:01:02.593 [Test worker] INFO org.flywaydb.core.internal.sqlscript.DefaultSqlScriptExecutor -- +-----------------------+
| pg_advisory_xact_lock |
+-----------------------+
|                       |
+-----------------------+

12:01:02.624 [Test worker] INFO org.flywaydb.core.internal.command.DbMigrate -- Migrating schema "public" to version "219 - bind meeting transcript deletion typed contract"
12:01:02.625 [Test worker] INFO org.flywaydb.core.internal.sqlscript.DefaultSqlScriptExecutor -- +-----------------------+
| pg_advisory_xact_lock |
+-----------------------+
|                       |
+-----------------------+

12:01:02.647 [Test worker] INFO org.flywaydb.core.internal.command.DbMigrate -- Migrating schema "public" to version "220 - create personal mail address book"
12:01:02.715 [Test worker] INFO org.flywaydb.core.internal.command.DbMigrate -- Migrating schema "public" to version "221 - register flow home calendar insight widgets"
12:01:02.725 [Test worker] INFO org.flywaydb.core.internal.command.DbMigrate -- Migrating schema "public" to version "222 - establish verified activity history"
12:01:02.759 [Test worker] INFO org.flywaydb.core.internal.command.DbMigrate -- Migrating schema "public" to version "223 - create personal work runtime"
12:01:02.788 [Test worker] INFO org.flywaydb.core.internal.command.DbMigrate -- Migrating schema "public" to version "224 - create work calendar references"
12:01:02.811 [Test worker] INFO org.flywaydb.core.internal.command.DbMigrate -- Migrating schema "public" to version "225 - launch workplace at home"
12:01:02.822 [Test worker] INFO org.flywaydb.core.internal.command.DbMigrate -- Migrating schema "public" to version "226 - create work assignments"
12:01:02.854 [Test worker] INFO org.flywaydb.core.internal.command.DbMigrate -- Migrating schema "public" to version "227 - record service requester information responses"
12:01:02.869 [Test worker] INFO org.flywaydb.core.internal.command.DbMigrate -- Migrating schema "public" to version "228 - extend personal work checklists sources and deletion"
12:01:02.883 [Test worker] INFO org.flywaydb.core.internal.command.DbMigrate -- Migrating schema "public" with repeatable migration "create domain event delivery ledger"
12:01:02.890 [Test worker] WARN org.flywaydb.core.internal.proprietaryStubs.ErrorOverridesSupportStub -- DB: column "lock_token" of relation "sys_domain_event_outbox" already exists, skipping (SQL State: 42701 - Error Code: 0)
12:01:02.890 [Test worker] INFO org.flywaydb.core.internal.proprietaryStubs.ErrorOverridesSupportStub -- DB: constraint "uq_domain_event_outbox_aggregate_sequence" of relation "sys_domain_event_outbox" does not exist, skipping
12:01:02.907 [Test worker] WARN org.flywaydb.core.internal.proprietaryStubs.ErrorOverridesSupportStub -- DB: column "tenant_id" of relation "sys_domain_event_offsets" already exists, skipping (SQL State: 42701 - Error Code: 0)
12:01:02.924 [Test worker] INFO org.flywaydb.core.internal.command.DbMigrate -- Successfully applied 195 migrations to schema "public", now at version v228 (execution time 00:03.766s)
]]></system-out>
  <system-err><![CDATA[]]></system-err>
</testsuite>
