<?xml version="1.0" encoding="UTF-8"?>
<testsuite name="com.dwp.services.platform.calendar.CalendarIdempotencyMigrationTest" tests="1" skipped="0" failures="0" errors="0" timestamp="2026-09-16T03:00:14" hostname="MacBook-Pro" time="0.007">
  <properties/>
  <testcase name="v163PersistsOnlyCanonicalSha256Fingerprints()" classname="com.dwp.services.platform.calendar.CalendarIdempotencyMigrationTest" time="0.007"/>
  <system-out><![CDATA[]]></system-out>
  <system-err><![CDATA[]]></system-err>
</testsuite>
