<?xml version="1.0" encoding="UTF-8"?>
<testsuite name="com.dwp.services.platform.calendar.CalendarRequestFingerprintTest" tests="3" skipped="0" failures="0" errors="0" timestamp="2026-09-16T03:00:47" hostname="MacBook-Pro" time="0.003">
  <properties/>
  <testcase name="schedulingCriteriaHashIsStableAcrossParticipantOrder()" classname="com.dwp.services.platform.calendar.CalendarRequestFingerprintTest" time="0.001"/>
  <testcase name="attendeeOrderAndPersistedStringNormalizationAreCanonical()" classname="com.dwp.services.platform.calendar.CalendarRequestFingerprintTest" time="0.001"/>
  <testcase name="materialPayloadChangesProduceDifferentFingerprints()" classname="com.dwp.services.platform.calendar.CalendarRequestFingerprintTest" time="0.0"/>
  <system-out><![CDATA[]]></system-out>
  <system-err><![CDATA[]]></system-err>
</testsuite>
