<?xml version="1.0" encoding="UTF-8"?>
<testsuite name="com.dwp.services.platform.calendar.CalendarMigrationPathPostgresIntegrationTest" tests="2" skipped="0" failures="0" errors="0" timestamp="2026-09-16T03:00:15" hostname="MacBook-Pro" time="20.005">
  <properties/>
  <testcase name="freshV1ToLatestKeepsTheAppliedCalendarMigrationImmutable()" classname="com.dwp.services.platform.calendar.CalendarMigrationPathPostgresIntegrationTest" time="11.083"/>
  <testcase name="v191ToLatestAppliesCalendarConvergenceForwardOnly()" classname="com.dwp.services.platform.calendar.CalendarMigrationPathPostgresIntegrationTest" time="8.916"/>
  <system-out><![CDATA[12:00:15.979 [Test worker] INFO tc.postgres:16-alpine -- Creating container for image: postgres:16-alpine
12:00:16.055 [Test worker] INFO tc.postgres:16-alpine -- Container postgres:16-alpine is starting: 5288886bd30009a496255e38d3f518797599d621590e819d9b6ab0979d0fbdbc
12:00:17.813 [Test worker] INFO tc.postgres:16-alpine -- Container postgres:16-alpine started in PT1.834038S
12:00:17.827 [Test worker] INFO tc.postgres:16-alpine -- Container is started (JDBC URL: jdbc:postgresql://localhost:55800/test?loggerLevel=OFF)
12:00:18.406 [Test worker] INFO org.flywaydb.core.FlywayExecutor -- Database: jdbc:postgresql://localhost:55800/test?adaptiveFetch=false&adaptiveFetchMaximum=-1&adaptiveFetchMinimum=0&allowEncodingChanges=false&ApplicationName=PostgreSQL+JDBC+Driver&autosave=never&binaryTransfer=true&binaryTransferDisable=&binaryTransferEnable=&cancelSignalTimeout=10&channelBinding=prefer&cleanupSavepoints=false&connectTimeout=10&convertBooleanToNumeric=false&databaseMetadataCacheFields=65536&databaseMetadataCacheFieldsMiB=5&defaultRowFetchSize=0&disableColumnSanitiser=false&escapeSyntaxCallMode=select&groupStartupParameters=false&gssEncMode=allow&gsslib=auto&gssResponseTimeout=5000&gssUseDefaultCreds=false&hideUnprivilegedObjects=false&hostRecheckSeconds=10&jaasApplicationName=pgjdbc&jaasLogin=true&loadBalanceHosts=false&loggerLevel=OFF&loginTimeout=0&logServerErrorDetail=true&logUnclosedConnections=false&maxSendBufferSize=8192&pemKeyAlgorithm=RSA&preferQueryMode=extended&preparedStatementCacheQueries=256&preparedStatementCacheSizeMiB=5&prepareThreshold=5&protocolVersion=3&queryTimeout=0&quoteReturningIdentifiers=true&readOnly=false&readOnlyMode=transaction&receiveBufferSize=-1&reWriteBatchedInserts=false&scramMaxIterations=100000&sendBufferSize=-1&socketTimeout=0&sslfactory=org.postgresql.ssl.LibPQFactory&sslNegotiation=postgres&sslResponseTimeout=5000&sspiServiceClass=POSTGRES&targetServerType=any&tcpKeepAlive=false&tcpNoDelay=true&unknownLength=2147483647&useSpnego=false&xmlFactoryFactory= (PostgreSQL 16.15)
12:00:18.469 [Test worker] INFO org.flywaydb.core.internal.schemahistory.JdbcTableSchemaHistory -- Schema history table "calendar_fresh_path"."flyway_schema_history" does not exist yet
12:00:18.471 [Test worker] INFO org.flywaydb.core.internal.command.clean.CleanExecutor -- Successfully dropped pre-schema database level objects (execution time 00:00.000s)
12:00:18.473 [Test worker] WARN org.flywaydb.core.internal.command.clean.CleanExecutor -- Unable to clean unknown schema: "calendar_fresh_path"
12:00:18.474 [Test worker] INFO org.flywaydb.core.internal.command.clean.CleanExecutor -- Successfully dropped post-schema database level objects (execution time 00:00.000s)
12:00:18.541 [Test worker] INFO org.flywaydb.core.FlywayExecutor -- Database: jdbc:postgresql://localhost:55800/test?adaptiveFetch=false&adaptiveFetchMaximum=-1&adaptiveFetchMinimum=0&allowEncodingChanges=false&ApplicationName=PostgreSQL+JDBC+Driver&autosave=never&binaryTransfer=true&binaryTransferDisable=&binaryTransferEnable=&cancelSignalTimeout=10&channelBinding=prefer&cleanupSavepoints=false&connectTimeout=10&convertBooleanToNumeric=false&databaseMetadataCacheFields=65536&databaseMetadataCacheFieldsMiB=5&defaultRowFetchSize=0&disableColumnSanitiser=false&escapeSyntaxCallMode=select&groupStartupParameters=false&gssEncMode=allow&gsslib=auto&gssResponseTimeout=5000&gssUseDefaultCreds=false&hideUnprivilegedObjects=false&hostRecheckSeconds=10&jaasApplicationName=pgjdbc&jaasLogin=true&loadBalanceHosts=false&loggerLevel=OFF&loginTimeout=0&logServerErrorDetail=true&logUnclosedConnections=false&maxSendBufferSize=8192&pemKeyAlgorithm=RSA&preferQueryMode=extended&preparedStatementCacheQueries=256&preparedStatementCacheSizeMiB=5&prepareThreshold=5&protocolVersion=3&queryTimeout=0&quoteReturningIdentifiers=true&readOnly=false&readOnlyMode=transaction&receiveBufferSize=-1&reWriteBatchedInserts=false&scramMaxIterations=100000&sendBufferSize=-1&socketTimeout=0&sslfactory=org.postgresql.ssl.LibPQFactory&sslNegotiation=postgres&sslResponseTimeout=5000&sspiServiceClass=POSTGRES&targetServerType=any&tcpKeepAlive=false&tcpNoDelay=true&unknownLength=2147483647&useSpnego=false&xmlFactoryFactory= (PostgreSQL 16.15)
12:00:18.689 [Test worker] INFO org.flywaydb.core.internal.database.base.Schema -- Creating schema "calendar_fresh_path" ...
12:00:18.697 [Test worker] INFO org.flywaydb.core.internal.schemahistory.JdbcTableSchemaHistory -- Creating Schema History table "calendar_fresh_path"."flyway_schema_history" ...
12:00:18.778 [Test worker] INFO org.flywaydb.core.internal.command.DbMigrate -- Current version of schema "calendar_fresh_path": null
12:00:18.790 [Test worker] INFO org.flywaydb.core.internal.command.DbMigrate -- Migrating schema "calendar_fresh_path" to version "1 - create platform control plane"
12:00:18.851 [Test worker] INFO org.flywaydb.core.internal.command.DbMigrate -- Migrating schema "calendar_fresh_path" to version "2 - create product registry"
12:00:18.890 [Test worker] INFO org.flywaydb.core.internal.command.DbMigrate -- Migrating schema "calendar_fresh_path" to version "3 - add tenant home experience"
12:00:18.928 [Test worker] INFO org.flywaydb.core.internal.command.DbMigrate -- Migrating schema "calendar_fresh_path" to version "4 - add branding home preferences and announcements"
12:00:18.977 [Test worker] INFO org.flywaydb.core.internal.command.DbMigrate -- Migrating schema "calendar_fresh_path" to version "5 - add navigation localization and admin command foundation"
12:00:19.048 [Test worker] INFO org.flywaydb.core.internal.command.DbMigrate -- Migrating schema "calendar_fresh_path" to version "6 - create personal preferences"
12:00:19.069 [Test worker] INFO org.flywaydb.core.internal.command.DbMigrate -- Migrating schema "calendar_fresh_path" to version "7 - seed default runtime navigation"
12:00:19.090 [Test worker] INFO org.flywaydb.core.internal.command.DbMigrate -- Migrating schema "calendar_fresh_path" to version "8 - seed default app registry"
12:00:19.108 [Test worker] INFO org.flywaydb.core.internal.command.DbMigrate -- Migrating schema "calendar_fresh_path" to version "9 - create partitioned api history"
12:00:19.123 [Test worker] INFO org.flywaydb.core.internal.sqlscript.DefaultSqlScriptExecutor -- +----------------------------------+
| sys_ensure_api_history_partition |
+----------------------------------+
|                                  |
+----------------------------------+

12:00:19.128 [Test worker] INFO org.flywaydb.core.internal.sqlscript.DefaultSqlScriptExecutor -- +----------------------------------+
| sys_ensure_api_history_partition |
+----------------------------------+
|                                  |
+----------------------------------+

12:00:19.133 [Test worker] INFO org.flywaydb.core.internal.sqlscript.DefaultSqlScriptExecutor -- +----------------------------------+
| sys_ensure_api_history_partition |
+----------------------------------+
|                                  |
+----------------------------------+

12:00:19.169 [Test worker] INFO org.flywaydb.core.internal.command.DbMigrate -- Migrating schema "calendar_fresh_path" to version "10 - add provider tenant registry"
12:00:19.196 [Test worker] INFO org.flywaydb.core.internal.command.DbMigrate -- Migrating schema "calendar_fresh_path" to version "11 - create enterprise audit control plane"
12:00:19.215 [Test worker] INFO org.flywaydb.core.internal.sqlscript.DefaultSqlScriptExecutor -- +----------------------------------+
| sys_ensure_audit_event_partition |
+----------------------------------+
|                                  |
+----------------------------------+

12:00:19.221 [Test worker] INFO org.flywaydb.core.internal.sqlscript.DefaultSqlScriptExecutor -- +----------------------------------+
| sys_ensure_audit_event_partition |
+----------------------------------+
|                                  |
+----------------------------------+

12:00:19.226 [Test worker] INFO org.flywaydb.core.internal.sqlscript.DefaultSqlScriptExecutor -- +----------------------------------+
| sys_ensure_audit_event_partition |
+----------------------------------+
|                                  |
+----------------------------------+

12:00:19.328 [Test worker] INFO org.flywaydb.core.internal.command.DbMigrate -- Migrating schema "calendar_fresh_path" to version "12 - apply skax demo branding"
12:00:19.360 [Test worker] INFO org.flywaydb.core.internal.command.DbMigrate -- Migrating schema "calendar_fresh_path" to version "13 - add audit investigation workspace"
12:00:19.423 [Test worker] INFO org.flywaydb.core.internal.command.DbMigrate -- Migrating schema "calendar_fresh_path" to version "14 - add system code contract registry"
12:00:19.509 [Test worker] INFO org.flywaydb.core.internal.command.DbMigrate -- Migrating schema "calendar_fresh_path" to version "15 - register complete system code contracts"
12:00:19.596 [Test worker] INFO org.flywaydb.core.internal.command.DbMigrate -- Migrating schema "calendar_fresh_path" to version "16 - register api and json code contracts"
12:00:19.622 [Test worker] INFO org.flywaydb.core.internal.command.DbMigrate -- Migrating schema "calendar_fresh_path" to version "17 - register role catalog internal contracts"
12:00:19.645 [Test worker] INFO org.flywaydb.core.internal.command.DbMigrate -- Migrating schema "calendar_fresh_path" to version "18 - close typed code contract gaps and revisioning"
12:00:19.681 [Test worker] INFO org.flywaydb.core.internal.command.DbMigrate -- Migrating schema "calendar_fresh_path" to version "19 - govern system code runtime visibility"
12:00:19.718 [Test worker] INFO org.flywaydb.core.internal.command.DbMigrate -- Migrating schema "calendar_fresh_path" to version "20 - register people and workforce applications"
12:00:19.734 [Test worker] INFO org.flywaydb.core.internal.command.DbMigrate -- Migrating schema "calendar_fresh_path" to version "21 - restrict workforce approval role contract"
12:00:19.753 [Test worker] INFO org.flywaydb.core.internal.command.DbMigrate -- Migrating schema "calendar_fresh_path" to version "22 - seed skax reference data catalog"
12:00:19.793 [Test worker] INFO org.flywaydb.core.internal.command.DbMigrate -- Migrating schema "calendar_fresh_path" to version "23 - register product catalog read permission"
12:00:19.806 [Test worker] INFO org.flywaydb.core.internal.command.DbMigrate -- Migrating schema "calendar_fresh_path" to version "24 - register role delegation code contracts"
12:00:19.826 [Test worker] INFO org.flywaydb.core.internal.command.DbMigrate -- Migrating schema "calendar_fresh_path" to version "25 - register data governance code contracts"
12:00:19.851 [Test worker] INFO org.flywaydb.core.internal.command.DbMigrate -- Migrating schema "calendar_fresh_path" to version "26 - create workspace runtime"
12:00:19.896 [Test worker] INFO org.flywaydb.core.internal.command.DbMigrate -- Migrating schema "calendar_fresh_path" to version "27 - align workspace capability descriptions"
12:00:19.913 [Test worker] INFO org.flywaydb.core.internal.command.DbMigrate -- Migrating schema "calendar_fresh_path" to version "28 - register workspace runtime code contracts"
12:00:19.934 [Test worker] INFO org.flywaydb.core.internal.command.DbMigrate -- Migrating schema "calendar_fresh_path" to version "29 - register access review code contracts"
12:00:19.954 [Test worker] INFO org.flywaydb.core.internal.command.DbMigrate -- Migrating schema "calendar_fresh_path" to version "30 - create governed saved views"
12:00:19.991 [Test worker] INFO org.flywaydb.core.internal.command.DbMigrate -- Migrating schema "calendar_fresh_path" to version "31 - create productivity connector control plane"
12:00:20.057 [Test worker] INFO org.flywaydb.core.internal.command.DbMigrate -- Migrating schema "calendar_fresh_path" to version "32 - index cross domain audit projection"
12:00:20.083 [Test worker] INFO org.flywaydb.core.internal.command.DbMigrate -- Migrating schema "calendar_fresh_path" to version "33 - register hris operational code contracts"
12:00:20.104 [Test worker] INFO org.flywaydb.core.internal.command.DbMigrate -- Migrating schema "calendar_fresh_path" to version "34 - register productivity code contracts"
12:00:20.124 [Test worker] INFO org.flywaydb.core.internal.command.DbMigrate -- Migrating schema "calendar_fresh_path" to version "35 - register productivity typed contracts"
12:00:20.139 [Test worker] INFO org.flywaydb.core.internal.command.DbMigrate -- Migrating schema "calendar_fresh_path" to version "36 - register governed ask agent"
12:00:20.153 [Test worker] INFO org.flywaydb.core.internal.command.DbMigrate -- Migrating schema "calendar_fresh_path" to version "37 - backfill governed ask agent for service tenants"
12:00:20.165 [Test worker] INFO org.flywaydb.core.internal.command.DbMigrate -- Migrating schema "calendar_fresh_path" to version "38 - create audit case closure reports"
12:00:20.191 [Test worker] INFO org.flywaydb.core.internal.command.DbMigrate -- Migrating schema "calendar_fresh_path" to version "39 - enforce closed audit case immutability"
12:00:20.215 [Test worker] INFO org.flywaydb.core.internal.command.DbMigrate -- Migrating schema "calendar_fresh_path" to version "40 - complete closed audit finding guard"
12:00:20.232 [Test worker] INFO org.flywaydb.core.internal.command.DbMigrate -- Migrating schema "calendar_fresh_path" to version "41 - create announcement engagement evidence"
12:00:20.248 [Test worker] INFO org.flywaydb.core.internal.command.DbMigrate -- Migrating schema "calendar_fresh_path" to version "42 - create experience studio revisions"
12:00:20.276 [Test worker] INFO org.flywaydb.core.internal.command.DbMigrate -- Migrating schema "calendar_fresh_path" to version "43 - register wave2 code contracts"
12:00:20.294 [Test worker] INFO org.flywaydb.core.internal.command.DbMigrate -- Migrating schema "calendar_fresh_path" to version "44 - create tenant catalog relationships"
12:00:20.328 [Test worker] INFO org.flywaydb.core.internal.command.DbMigrate -- Migrating schema "calendar_fresh_path" to version "45 - create navigation studio revisions"
12:00:20.352 [Test worker] INFO org.flywaydb.core.internal.command.DbMigrate -- Migrating schema "calendar_fresh_path" to version "46 - create workspace app access requests"
12:00:20.377 [Test worker] INFO org.flywaydb.core.internal.command.DbMigrate -- Migrating schema "calendar_fresh_path" to version "47 - evolve personal preferences v2"
12:00:20.396 [Test worker] INFO org.flywaydb.core.internal.command.DbMigrate -- Migrating schema "calendar_fresh_path" to version "48 - expire workspace app access requests"
12:00:20.417 [Test worker] INFO org.flywaydb.core.internal.command.DbMigrate -- Migrating schema "calendar_fresh_path" to version "49 - add audit policy revision governance"
12:00:20.451 [Test worker] INFO org.flywaydb.core.internal.command.DbMigrate -- Migrating schema "calendar_fresh_path" to version "50 - add catalog assurance governance"
12:00:20.491 [Test worker] INFO org.flywaydb.core.internal.command.DbMigrate -- Migrating schema "calendar_fresh_path" to version "51 - govern managed preference exceptions"
12:00:20.555 [Test worker] INFO org.flywaydb.core.internal.command.DbMigrate -- Migrating schema "calendar_fresh_path" to version "52 - create localization revision studio"
12:00:20.605 [Test worker] INFO org.flywaydb.core.internal.command.DbMigrate -- Migrating schema "calendar_fresh_path" to version "53 - govern team saved view ownership"
12:00:20.671 [Test worker] INFO org.flywaydb.core.internal.command.DbMigrate -- Migrating schema "calendar_fresh_path" to version "54 - register workforce and event code contracts"
12:00:20.706 [Test worker] INFO org.flywaydb.core.internal.command.DbMigrate -- Migrating schema "calendar_fresh_path" to version "55 - register wave3 governance code contracts"
12:00:20.745 [Test worker] INFO org.flywaydb.core.internal.command.DbMigrate -- Migrating schema "calendar_fresh_path" to version "56 - register domain event typed contracts"
12:00:20.766 [Test worker] INFO org.flywaydb.core.internal.command.DbMigrate -- Migrating schema "calendar_fresh_path" to version "57 - unify people experience under hr"
12:00:20.791 [Test worker] INFO org.flywaydb.core.internal.command.DbMigrate -- Migrating schema "calendar_fresh_path" to version "58 - name hris product surface"
12:00:20.804 [Test worker] INFO org.flywaydb.core.internal.command.DbMigrate -- Migrating schema "calendar_fresh_path" to version "59 - complete app access fulfilment lifecycle"
12:00:20.833 [Test worker] INFO org.flywaydb.core.internal.command.DbMigrate -- Migrating schema "calendar_fresh_path" to version "60 - create enterprise communications experience"
12:00:20.874 [Test worker] INFO org.flywaydb.core.internal.command.DbMigrate -- Migrating schema "calendar_fresh_path" to version "61 - harden communications governance and reactions"
12:00:20.896 [Test worker] INFO org.flywaydb.core.internal.command.DbMigrate -- Migrating schema "calendar_fresh_path" to version "62 - create employee service center"
12:00:20.955 [Test worker] INFO org.flywaydb.core.internal.command.DbMigrate -- Migrating schema "calendar_fresh_path" to version "63 - harden and seed service operations"
12:00:20.988 [Test worker] INFO org.flywaydb.core.internal.command.DbMigrate -- Migrating schema "calendar_fresh_path" to version "64 - register scoped admin communications and service contracts"
12:00:21.013 [Test worker] INFO org.flywaydb.core.internal.command.DbMigrate -- Migrating schema "calendar_fresh_path" to version "65 - reconcile announcement and support access contracts"
12:00:21.028 [Test worker] INFO org.flywaydb.core.internal.command.DbMigrate -- Migrating schema "calendar_fresh_path" to version "66 - project delegated and control plane roles"
12:00:21.047 [Test worker] INFO org.flywaydb.core.internal.command.DbMigrate -- Migrating schema "calendar_fresh_path" to version "67 - evolve personal home surfaces"
12:00:21.079 [Test worker] INFO org.flywaydb.core.internal.command.DbMigrate -- Migrating schema "calendar_fresh_path" to version "68 - register tenant authorization template contracts"
12:00:21.098 [Test worker] INFO org.flywaydb.core.internal.command.DbMigrate -- Migrating schema "calendar_fresh_path" to version "69 - create enterprise calendar"
12:00:21.178 [Test worker] INFO org.flywaydb.core.internal.command.DbMigrate -- Migrating schema "calendar_fresh_path" to version "70 - register approval home and workspace app"
12:00:21.195 [Test worker] INFO org.flywaydb.core.internal.command.DbMigrate -- Migrating schema "calendar_fresh_path" to version "71 - harden calendar identity and booking governance"
12:00:21.218 [Test worker] INFO org.flywaydb.core.internal.command.DbMigrate -- Migrating schema "calendar_fresh_path" to version "72 - enforce calendar resource booking integrity"
12:00:21.302 [Test worker] INFO org.flywaydb.core.internal.command.DbMigrate -- Migrating schema "calendar_fresh_path" to version "73 - expand people service catalog"
12:00:21.329 [Test worker] INFO org.flywaydb.core.internal.command.DbMigrate -- Migrating schema "calendar_fresh_path" to version "74 - seed complete skax calendar workforce"
12:00:21.530 [Test worker] INFO org.flywaydb.core.internal.command.DbMigrate -- Migrating schema "calendar_fresh_path" to version "75 - separate skax calendar reminders"
12:00:21.561 [Test worker] INFO org.flywaydb.core.internal.command.DbMigrate -- Migrating schema "calendar_fresh_path" to version "76 - align skax absence and room schedules"
12:00:21.588 [Test worker] INFO org.flywaydb.core.internal.command.DbMigrate -- Migrating schema "calendar_fresh_path" to version "77 - govern home launchpad configuration"
12:00:21.610 [Test worker] INFO org.flywaydb.core.internal.command.DbMigrate -- Migrating schema "calendar_fresh_path" to version "78 - adopt dwp hcm product contract"
12:00:21.654 [Test worker] INFO org.flywaydb.core.internal.command.DbMigrate -- Migrating schema "calendar_fresh_path" to version "90 - personalize workspace home work items"
12:00:21.698 [Test worker] INFO org.flywaydb.core.internal.command.DbMigrate -- Migrating schema "calendar_fresh_path" to version "91 - govern home recommendations and widget metadata"
12:00:21.734 [Test worker] INFO org.flywaydb.core.internal.command.DbMigrate -- Migrating schema "calendar_fresh_path" to version "92 - stabilize calendar person ownership"
12:00:21.784 [Test worker] INFO org.flywaydb.core.internal.command.DbMigrate -- Migrating schema "calendar_fresh_path" to version "93 - normalize calendar identity references"
12:00:21.811 [Test worker] INFO org.flywaydb.core.internal.command.DbMigrate -- Migrating schema "calendar_fresh_path" to version "94 - register hcm calendar home and approval code contracts"
12:00:21.855 [Test worker] INFO org.flywaydb.core.internal.command.DbMigrate -- Migrating schema "calendar_fresh_path" to version "95 - exclude retired code sets from registry health"
12:00:21.874 [Test worker] INFO org.flywaydb.core.internal.command.DbMigrate -- Migrating schema "calendar_fresh_path" to version "96 - project calendar approval and hcm roles"
12:00:21.896 [Test worker] INFO org.flywaydb.core.internal.command.DbMigrate -- Migrating schema "calendar_fresh_path" to version "97 - register home overview section status contract"
12:00:21.914 [Test worker] INFO org.flywaydb.core.internal.command.DbMigrate -- Migrating schema "calendar_fresh_path" to version "98 - retire unowned platform placeholders"
12:00:21.975 [Test worker] INFO org.flywaydb.core.internal.command.DbMigrate -- Migrating schema "calendar_fresh_path" to version "99 - register hr home domain state contracts"
12:00:21.990 [Test worker] INFO org.flywaydb.core.internal.command.DbMigrate -- Migrating schema "calendar_fresh_path" to version "100 - promote shared classification and risk contracts"
12:00:22.010 [Test worker] INFO org.flywaydb.core.internal.command.DbMigrate -- Migrating schema "calendar_fresh_path" to version "101 - separate fixed home zones from personal widgets"
12:00:22.029 [Test worker] INFO org.flywaydb.core.internal.command.DbMigrate -- Migrating schema "calendar_fresh_path" to version "102 - add fractional home widget footprints"
12:00:22.061 [Test worker] INFO org.flywaydb.core.internal.command.DbMigrate -- Migrating schema "calendar_fresh_path" to version "103 - govern tenant home composition"
12:00:22.098 [Test worker] INFO org.flywaydb.core.internal.command.DbMigrate -- Migrating schema "calendar_fresh_path" to version "104 - enrich joonbin personal home seed"
12:00:22.126 [Test worker] INFO org.flywaydb.core.internal.command.DbMigrate -- Migrating schema "calendar_fresh_path" to version "105 - assign distinct communication cover images"
12:00:22.144 [Test worker] INFO org.flywaydb.core.internal.command.DbMigrate -- Migrating schema "calendar_fresh_path" to version "106 - optimize communication cover image formats"
12:00:22.172 [Test worker] INFO org.flywaydb.core.internal.command.DbMigrate -- Migrating schema "calendar_fresh_path" to version "107 - restore personal workspace tools"
12:00:22.212 [Test worker] INFO org.flywaydb.core.internal.command.DbMigrate -- Migrating schema "calendar_fresh_path" to version "108 - govern home widget heights"
12:00:22.244 [Test worker] INFO org.flywaydb.core.internal.command.DbMigrate -- Migrating schema "calendar_fresh_path" to version "120 - create enterprise mail domain"
12:00:22.391 [Test worker] INFO org.flywaydb.core.internal.command.DbMigrate -- Migrating schema "calendar_fresh_path" to version "121 - seed skax enterprise mail"
12:00:22.440 [Test worker] INFO org.flywaydb.core.internal.command.DbMigrate -- Migrating schema "calendar_fresh_path" to version "122 - promote native mail application"
12:00:22.460 [Test worker] INFO org.flywaydb.core.internal.command.DbMigrate -- Migrating schema "calendar_fresh_path" to version "123 - register enterprise spaces"
12:00:22.485 [Test worker] INFO org.flywaydb.core.internal.command.DbMigrate -- Migrating schema "calendar_fresh_path" to version "124 - backfill skax mail for all active members"
12:00:22.555 [Test worker] INFO org.flywaydb.core.internal.command.DbMigrate -- Migrating schema "calendar_fresh_path" to version "125 - complete skax shared mail collaboration"
12:00:22.587 [Test worker] INFO org.flywaydb.core.internal.command.DbMigrate -- Migrating schema "calendar_fresh_path" to version "126 - register enterprise space code contracts"
12:00:22.627 [Test worker] INFO org.flywaydb.core.internal.command.DbMigrate -- Migrating schema "calendar_fresh_path" to version "127 - register space operations code contracts"
12:00:22.657 [Test worker] INFO org.flywaydb.core.internal.command.DbMigrate -- Migrating schema "calendar_fresh_path" to version "128 - version governed mail action contracts"
12:00:22.673 [Test worker] INFO org.flywaydb.core.internal.command.DbMigrate -- Migrating schema "calendar_fresh_path" to version "129 - register space owner recovery policy type"
12:00:22.689 [Test worker] INFO org.flywaydb.core.internal.command.DbMigrate -- Migrating schema "calendar_fresh_path" to version "130 - complete space owner recovery code contract"
12:00:22.708 [Test worker] INFO org.flywaydb.core.internal.command.DbMigrate -- Migrating schema "calendar_fresh_path" to version "140 - harden governed mail action invariants"
12:00:22.729 [Test worker] INFO org.flywaydb.core.internal.command.DbMigrate -- Migrating schema "calendar_fresh_path" to version "141 - operationalize mail delivery outbox"
12:00:22.764 [Test worker] INFO org.flywaydb.core.internal.command.DbMigrate -- Migrating schema "calendar_fresh_path" to version "142 - support mail thread folder membership"
12:00:22.805 [Test worker] INFO org.flywaydb.core.internal.command.DbMigrate -- Migrating schema "calendar_fresh_path" to version "143 - unify dwaion product identity"
12:00:22.825 [Test worker] INFO org.flywaydb.core.internal.command.DbMigrate -- Migrating schema "calendar_fresh_path" to version "144 - register enterprise rooms"
12:00:22.844 [Test worker] INFO org.flywaydb.core.internal.command.DbMigrate -- Migrating schema "calendar_fresh_path" to version "145 - adopt dwaion workspace route"
12:00:22.877 [Test worker] INFO org.flywaydb.core.internal.command.DbMigrate -- Migrating schema "calendar_fresh_path" to version "146 - create enterprise workplace"
12:00:23.045 [Test worker] INFO org.flywaydb.core.internal.command.DbMigrate -- Migrating schema "calendar_fresh_path" to version "147 - enforce workplace tenant relations"
12:00:23.086 [Test worker] INFO org.flywaydb.core.internal.command.DbMigrate -- Migrating schema "calendar_fresh_path" to version "148 - harden workplace booking invariants"
12:00:23.109 [Test worker] INFO org.flywaydb.core.internal.command.DbMigrate -- Migrating schema "calendar_fresh_path" to version "149 - register enterprise messaging"
12:00:23.129 [Test worker] INFO org.flywaydb.core.internal.command.DbMigrate -- Migrating schema "calendar_fresh_path" to version "150 - register governed approval expert"
12:00:23.153 [Test worker] INFO org.flywaydb.core.internal.command.DbMigrate -- Migrating schema "calendar_fresh_path" to version "151 - register notification center"
12:00:23.171 [Test worker] INFO org.flywaydb.core.internal.command.DbMigrate -- Migrating schema "calendar_fresh_path" to version "152 - complete workplace booking lifecycle"
12:00:23.199 [Test worker] INFO org.flywaydb.core.internal.command.DbMigrate -- Migrating schema "calendar_fresh_path" to version "153 - require workplace assignee identity"
12:00:23.219 [Test worker] INFO org.flywaydb.core.internal.command.DbMigrate -- Migrating schema "calendar_fresh_path" to version "154 - publish dwaion navigation identity"
12:00:23.251 [Test worker] INFO org.flywaydb.core.internal.command.DbMigrate -- Migrating schema "calendar_fresh_path" to version "155 - register governed reference planner"
12:00:23.288 [Test worker] INFO org.flywaydb.core.internal.command.DbMigrate -- Migrating schema "calendar_fresh_path" to version "156 - harden workplace booking operations"
12:00:23.338 [Test worker] INFO org.flywaydb.core.internal.command.DbMigrate -- Migrating schema "calendar_fresh_path" to version "157 - add workplace spatial governance"
12:00:23.552 [Test worker] INFO org.flywaydb.core.internal.command.DbMigrate -- Migrating schema "calendar_fresh_path" to version "158 - operationalize tenant media cleanup"
12:00:23.583 [Test worker] INFO org.flywaydb.core.internal.command.DbMigrate -- Migrating schema "calendar_fresh_path" to version "159 - govern workplace audit and privacy"
12:00:23.630 [Test worker] INFO org.flywaydb.core.internal.command.DbMigrate -- Migrating schema "calendar_fresh_path" to version "160 - govern assigned workspace release windows"
12:00:23.679 [Test worker] INFO org.flywaydb.core.internal.command.DbMigrate -- Migrating schema "calendar_fresh_path" to version "161 - make workplace release windows idempotent"
12:00:23.703 [Test worker] INFO org.flywaydb.core.internal.command.DbMigrate -- Migrating schema "calendar_fresh_path" to version "162 - harden workplace transaction privacy media lifecycle"
12:00:23.762 [Test worker] INFO org.flywaydb.core.internal.command.DbMigrate -- Migrating schema "calendar_fresh_path" to version "163 - harden calendar event idempotency"
12:00:23.779 [Test worker] INFO org.flywaydb.core.internal.command.DbMigrate -- Migrating schema "calendar_fresh_path" to version "164 - canonicalize workplace policy hash and media reconciliation"
12:00:23.815 [Test worker] INFO org.flywaydb.core.internal.command.DbMigrate -- Migrating schema "calendar_fresh_path" to version "165 - register recent database check contracts"
12:00:23.883 [Test worker] INFO org.flywaydb.core.internal.command.DbMigrate -- Migrating schema "calendar_fresh_path" to version "166 - project recent governed roles"
12:00:23.904 [Test worker] INFO org.flywaydb.core.internal.command.DbMigrate -- Migrating schema "calendar_fresh_path" to version "167 - align privileged role projection"
12:00:23.924 [Test worker] INFO org.flywaydb.core.internal.command.DbMigrate -- Migrating schema "calendar_fresh_path" to version "168 - register notification audit outbox contract"
12:00:23.946 [Test worker] INFO org.flywaydb.core.internal.command.DbMigrate -- Migrating schema "calendar_fresh_path" to version "169 - register notification database check contracts"
12:00:23.981 [Test worker] INFO org.flywaydb.core.internal.command.DbMigrate -- Migrating schema "calendar_fresh_path" to version "170 - project notification template approver role"
12:00:24.000 [Test worker] INFO org.flywaydb.core.internal.command.DbMigrate -- Migrating schema "calendar_fresh_path" to version "171 - create bounded home personalization"
12:00:24.065 [Test worker] INFO org.flywaydb.core.internal.command.DbMigrate -- Migrating schema "calendar_fresh_path" to version "172 - harden home composer undo"
12:00:24.093 [Test worker] INFO org.flywaydb.core.internal.command.DbMigrate -- Migrating schema "calendar_fresh_path" to version "173 - harden home personalization integrity"
12:00:24.106 [Test worker] INFO org.flywaydb.core.internal.proprietaryStubs.ErrorOverridesSupportStub -- DB: constraint "ck_usr_home_composer_expiry" of relation "usr_home_composer_proposals" does not exist, skipping
12:00:24.183 [Test worker] INFO org.flywaydb.core.internal.command.DbMigrate -- Migrating schema "calendar_fresh_path" to version "174 - finalize home personalization cutover safety"
12:00:24.218 [Test worker] INFO org.flywaydb.core.internal.proprietaryStubs.ErrorOverridesSupportStub -- DB: constraint "ck_usr_home_view_integrity_state" of relation "usr_home_views" does not exist, skipping
12:00:24.219 [Test worker] INFO org.flywaydb.core.internal.proprietaryStubs.ErrorOverridesSupportStub -- DB: constraint "ck_usr_home_view_layout_size" of relation "usr_home_views" does not exist, skipping
12:00:24.226 [Test worker] INFO org.flywaydb.core.internal.proprietaryStubs.ErrorOverridesSupportStub -- DB: constraint "ck_usr_home_view_revision_snapshot_size" of relation "usr_home_view_revisions" does not exist, skipping
12:00:24.230 [Test worker] INFO org.flywaydb.core.internal.proprietaryStubs.ErrorOverridesSupportStub -- DB: constraint "ck_usr_home_device_overlay_size" of relation "usr_home_view_device_layouts" does not exist, skipping
12:00:24.232 [Test worker] INFO org.flywaydb.core.internal.proprietaryStubs.ErrorOverridesSupportStub -- DB: constraint "ck_usr_home_widget_configuration_size" of relation "usr_home_widget_configurations" does not exist, skipping
12:00:24.234 [Test worker] INFO org.flywaydb.core.internal.proprietaryStubs.ErrorOverridesSupportStub -- DB: constraint "ck_adm_home_template_layout_size" of relation "adm_home_templates" does not exist, skipping
12:00:24.237 [Test worker] INFO org.flywaydb.core.internal.proprietaryStubs.ErrorOverridesSupportStub -- DB: constraint "ck_adm_home_template_revision_snapshot_size" of relation "adm_home_template_revisions" does not exist, skipping
12:00:24.240 [Test worker] INFO org.flywaydb.core.internal.proprietaryStubs.ErrorOverridesSupportStub -- DB: constraint "ck_usr_home_composer_before_size" of relation "usr_home_composer_proposals" does not exist, skipping
12:00:24.240 [Test worker] INFO org.flywaydb.core.internal.proprietaryStubs.ErrorOverridesSupportStub -- DB: constraint "ck_usr_home_composer_proposed_size" of relation "usr_home_composer_proposals" does not exist, skipping
12:00:24.240 [Test worker] INFO org.flywaydb.core.internal.proprietaryStubs.ErrorOverridesSupportStub -- DB: constraint "ck_usr_home_composer_changes_size" of relation "usr_home_composer_proposals" does not exist, skipping
12:00:24.244 [Test worker] INFO org.flywaydb.core.internal.proprietaryStubs.ErrorOverridesSupportStub -- DB: constraint "ck_usr_home_command_receipt_response_size" of relation "usr_home_command_receipts" does not exist, skipping
12:00:24.260 [Test worker] INFO org.flywaydb.core.internal.command.DbMigrate -- Migrating schema "calendar_fresh_path" to version "175 - widen home command receipt response type"
12:00:24.280 [Test worker] INFO org.flywaydb.core.internal.command.DbMigrate -- Migrating schema "calendar_fresh_path" to version "176 - preserve home view customization state"
12:00:24.294 [Test worker] INFO org.flywaydb.core.internal.command.DbMigrate -- Migrating schema "calendar_fresh_path" to version "177 - allow compact home response hub"
12:00:24.305 [Test worker] INFO org.flywaydb.core.internal.command.DbMigrate -- Migrating schema "calendar_fresh_path" to version "178 - classify workspace home projection"
12:00:24.340 [Test worker] INFO org.flywaydb.core.internal.command.DbMigrate -- Migrating schema "calendar_fresh_path" to version "179 - create product surface ux telemetry"
12:00:24.379 [Test worker] INFO org.flywaydb.core.internal.command.DbMigrate -- Migrating schema "calendar_fresh_path" to version "180 - add review workspace work items"
12:00:24.404 [Test worker] INFO org.flywaydb.core.internal.command.DbMigrate -- Migrating schema "calendar_fresh_path" to version "181 - align product surface scope kind telemetry"
12:00:24.420 [Test worker] INFO org.flywaydb.core.internal.command.DbMigrate -- Migrating schema "calendar_fresh_path" to version "182 - register product authorization operations contracts"
12:00:24.444 [Test worker] INFO org.flywaydb.core.internal.command.DbMigrate -- Migrating schema "calendar_fresh_path" to version "183 - register enterprise video meetings"
12:00:24.462 [Test worker] INFO org.flywaydb.core.internal.command.DbMigrate -- Migrating schema "calendar_fresh_path" to version "184 - complete saved view custody lifecycle"
12:00:24.498 [Test worker] INFO org.flywaydb.core.internal.command.DbMigrate -- Migrating schema "calendar_fresh_path" to version "185 - fence workplace media cleanup"
12:00:24.515 [Test worker] INFO org.flywaydb.core.internal.command.DbMigrate -- Migrating schema "calendar_fresh_path" to version "186 - enhance home experience presentation"
12:00:24.540 [Test worker] INFO org.flywaydb.core.internal.command.DbMigrate -- Migrating schema "calendar_fresh_path" to version "187 - align provider audit event category contract"
12:00:24.561 [Test worker] INFO org.flywaydb.core.internal.command.DbMigrate -- Migrating schema "calendar_fresh_path" to version "190 - reconcile database check contract registry"
12:00:24.609 [Test worker] INFO org.flywaydb.core.internal.command.DbMigrate -- Migrating schema "calendar_fresh_path" to version "191 - receipt provider tenant commands"
12:00:24.628 [Test worker] INFO org.flywaydb.core.internal.command.DbMigrate -- Migrating schema "calendar_fresh_path" to version "192 - govern calendar sharing and personalization"
12:00:24.735 [Test worker] INFO org.flywaydb.core.internal.command.DbMigrate -- Migrating schema "calendar_fresh_path" to version "193 - register latest database check contracts"
12:00:24.764 [Test worker] INFO org.flywaydb.core.internal.command.DbMigrate -- Migrating schema "calendar_fresh_path" to version "194 - reconcile calendar and people receipt check contracts"
12:00:24.788 [Test worker] INFO org.flywaydb.core.internal.command.DbMigrate -- Migrating schema "calendar_fresh_path" to version "195 - project meeting administrator role"
12:00:24.804 [Test worker] INFO org.flywaydb.core.internal.command.DbMigrate -- Migrating schema "calendar_fresh_path" to version "196 - converge calendar sharing governance"
12:00:24.811 [Test worker] WARN org.flywaydb.core.internal.proprietaryStubs.ErrorOverridesSupportStub -- DB: relation "uk_cal_grants_tenant_principal" already exists, skipping (SQL State: 42P07 - Error Code: 0)
12:00:24.812 [Test worker] WARN org.flywaydb.core.internal.proprietaryStubs.ErrorOverridesSupportStub -- DB: relation "uk_cal_grants_person_principal" already exists, skipping (SQL State: 42P07 - Error Code: 0)
12:00:24.813 [Test worker] WARN org.flywaydb.core.internal.proprietaryStubs.ErrorOverridesSupportStub -- DB: relation "uk_cal_grants_group_principal" already exists, skipping (SQL State: 42P07 - Error Code: 0)
12:00:24.814 [Test worker] WARN org.flywaydb.core.internal.proprietaryStubs.ErrorOverridesSupportStub -- DB: relation "idx_cal_grants_person_lookup" already exists, skipping (SQL State: 42P07 - Error Code: 0)
12:00:24.815 [Test worker] WARN org.flywaydb.core.internal.proprietaryStubs.ErrorOverridesSupportStub -- DB: relation "idx_cal_grants_group_lookup" already exists, skipping (SQL State: 42P07 - Error Code: 0)
12:00:24.817 [Test worker] WARN org.flywaydb.core.internal.proprietaryStubs.ErrorOverridesSupportStub -- DB: relation "idx_cal_subscriptions_favorite" already exists, skipping (SQL State: 42P07 - Error Code: 0)
12:00:24.819 [Test worker] WARN org.flywaydb.core.internal.proprietaryStubs.ErrorOverridesSupportStub -- DB: relation "idx_cal_event_preferences_starred" already exists, skipping (SQL State: 42P07 - Error Code: 0)
12:00:24.820 [Test worker] WARN org.flywaydb.core.internal.proprietaryStubs.ErrorOverridesSupportStub -- DB: relation "uk_cal_event_tombstones_source" already exists, skipping (SQL State: 42P07 - Error Code: 0)
12:00:24.834 [Test worker] INFO org.flywaydb.core.internal.command.DbMigrate -- Migrating schema "calendar_fresh_path" to version "197 - project publish permission action"
12:00:24.850 [Test worker] INFO org.flywaydb.core.internal.command.DbMigrate -- Migrating schema "calendar_fresh_path" to version "198 - govern latest java enum contracts"
12:00:24.898 [Test worker] INFO org.flywaydb.core.internal.command.DbMigrate -- Migrating schema "calendar_fresh_path" to version "199 - snapshot saved view lifecycle evidence"
12:00:24.922 [Test worker] INFO org.flywaydb.core.internal.command.DbMigrate -- Migrating schema "calendar_fresh_path" to version "200 - align legacy home content with background position"
12:00:24.943 [Test worker] INFO org.flywaydb.core.internal.command.DbMigrate -- Migrating schema "calendar_fresh_path" to version "202 - reconcile support containment and mail check contracts"
12:00:24.989 [Test worker] INFO org.flywaydb.core.internal.command.DbMigrate -- Migrating schema "calendar_fresh_path" to version "203 - complete personal mail organization"
12:00:25.061 [Test worker] INFO org.flywaydb.core.internal.command.DbMigrate -- Migrating schema "calendar_fresh_path" to version "204 - align authority containment origin check contracts"
12:00:25.063 [Test worker] INFO org.flywaydb.core.internal.sqlscript.DefaultSqlScriptExecutor -- +-----------------------+
| pg_advisory_xact_lock |
+-----------------------+
|                       |
+-----------------------+

12:00:25.094 [Test worker] INFO org.flywaydb.core.internal.command.DbMigrate -- Migrating schema "calendar_fresh_path" to version "205 - govern meeting and mail organization code contracts"
12:00:25.096 [Test worker] INFO org.flywaydb.core.internal.sqlscript.DefaultSqlScriptExecutor -- +-----------------------+
| pg_advisory_xact_lock |
+-----------------------+
|                       |
+-----------------------+

12:00:25.148 [Test worker] INFO org.flywaydb.core.internal.command.DbMigrate -- Migrating schema "calendar_fresh_path" to version "206 - govern widget registry command target contract"
12:00:25.150 [Test worker] INFO org.flywaydb.core.internal.sqlscript.DefaultSqlScriptExecutor -- +-----------------------+
| pg_advisory_xact_lock |
+-----------------------+
|                       |
+-----------------------+

12:00:25.179 [Test worker] INFO org.flywaydb.core.internal.command.DbMigrate -- Migrating schema "calendar_fresh_path" to version "207 - reconcile widget registry ingress failure contract"
12:00:25.180 [Test worker] INFO org.flywaydb.core.internal.sqlscript.DefaultSqlScriptExecutor -- +-----------------------+
| pg_advisory_xact_lock |
+-----------------------+
|                       |
+-----------------------+

12:00:25.207 [Test worker] INFO org.flywaydb.core.internal.command.DbMigrate -- Migrating schema "calendar_fresh_path" to version "208 - fence mail rule execution and access"
12:00:25.250 [Test worker] INFO org.flywaydb.core.internal.command.DbMigrate -- Migrating schema "calendar_fresh_path" to version "209 - reconcile fresh service check contracts"
12:00:25.252 [Test worker] INFO org.flywaydb.core.internal.sqlscript.DefaultSqlScriptExecutor -- +-----------------------+
| pg_advisory_xact_lock |
+-----------------------+
|                       |
+-----------------------+

12:00:25.300 [Test worker] INFO org.flywaydb.core.internal.command.DbMigrate -- Migrating schema "calendar_fresh_path" to version "210 - govern latest product surface and meeting enums"
12:00:25.302 [Test worker] INFO org.flywaydb.core.internal.sqlscript.DefaultSqlScriptExecutor -- +-----------------------+
| pg_advisory_xact_lock |
+-----------------------+
|                       |
+-----------------------+

12:00:25.343 [Test worker] INFO org.flywaydb.core.internal.command.DbMigrate -- Migrating schema "calendar_fresh_path" to version "211 - fence mail tenant relations"
12:00:25.407 [Test worker] INFO org.flywaydb.core.internal.command.DbMigrate -- Migrating schema "calendar_fresh_path" to version "212 - govern room booking eligibility reason"
12:00:25.408 [Test worker] INFO org.flywaydb.core.internal.sqlscript.DefaultSqlScriptExecutor -- +-----------------------+
| pg_advisory_xact_lock |
+-----------------------+
|                       |
+-----------------------+

12:00:25.428 [Test worker] INFO org.flywaydb.core.internal.command.DbMigrate -- Migrating schema "calendar_fresh_path" to version "213 - register meeting media runtime check contracts"
12:00:25.430 [Test worker] INFO org.flywaydb.core.internal.sqlscript.DefaultSqlScriptExecutor -- +-----------------------+
| pg_advisory_xact_lock |
+-----------------------+
|                       |
+-----------------------+

12:00:25.474 [Test worker] INFO org.flywaydb.core.internal.command.DbMigrate -- Migrating schema "calendar_fresh_path" to version "214 - govern mail draft receipt and meeting webhook enums"
12:00:25.476 [Test worker] INFO org.flywaydb.core.internal.sqlscript.DefaultSqlScriptExecutor -- +-----------------------+
| pg_advisory_xact_lock |
+-----------------------+
|                       |
+-----------------------+

12:00:25.513 [Test worker] INFO org.flywaydb.core.internal.command.DbMigrate -- Migrating schema "calendar_fresh_path" to version "215 - retire unsupported meeting climate signals"
12:00:25.514 [Test worker] INFO org.flywaydb.core.internal.sqlscript.DefaultSqlScriptExecutor -- +-----------------------+
| pg_advisory_xact_lock |
+-----------------------+
|                       |
+-----------------------+

12:00:25.529 [Test worker] INFO org.flywaydb.core.internal.command.DbMigrate -- Migrating schema "calendar_fresh_path" to version "216 - register meeting recording check contracts"
12:00:25.530 [Test worker] INFO org.flywaydb.core.internal.sqlscript.DefaultSqlScriptExecutor -- +-----------------------+
| pg_advisory_xact_lock |
+-----------------------+
|                       |
+-----------------------+

12:00:25.559 [Test worker] INFO org.flywaydb.core.internal.command.DbMigrate -- Migrating schema "calendar_fresh_path" to version "217 - bind meeting recording typed contracts"
12:00:25.561 [Test worker] INFO org.flywaydb.core.internal.sqlscript.DefaultSqlScriptExecutor -- +-----------------------+
| pg_advisory_xact_lock |
+-----------------------+
|                       |
+-----------------------+

12:00:25.584 [Test worker] INFO org.flywaydb.core.internal.command.DbMigrate -- Migrating schema "calendar_fresh_path" to version "218 - register meeting transcript retention check contracts"
12:00:25.586 [Test worker] INFO org.flywaydb.core.internal.sqlscript.DefaultSqlScriptExecutor -- +-----------------------+
| pg_advisory_xact_lock |
+-----------------------+
|                       |
+-----------------------+

12:00:25.621 [Test worker] INFO org.flywaydb.core.internal.command.DbMigrate -- Migrating schema "calendar_fresh_path" to version "219 - bind meeting transcript deletion typed contract"
12:00:25.622 [Test worker] INFO org.flywaydb.core.internal.sqlscript.DefaultSqlScriptExecutor -- +-----------------------+
| pg_advisory_xact_lock |
+-----------------------+
|                       |
+-----------------------+

12:00:25.644 [Test worker] INFO org.flywaydb.core.internal.command.DbMigrate -- Migrating schema "calendar_fresh_path" to version "220 - create personal mail address book"
12:00:25.697 [Test worker] INFO org.flywaydb.core.internal.command.DbMigrate -- Migrating schema "calendar_fresh_path" to version "221 - register flow home calendar insight widgets"
12:00:25.710 [Test worker] INFO org.flywaydb.core.internal.command.DbMigrate -- Migrating schema "calendar_fresh_path" to version "222 - establish verified activity history"
12:00:25.754 [Test worker] INFO org.flywaydb.core.internal.command.DbMigrate -- Migrating schema "calendar_fresh_path" to version "223 - create personal work runtime"
12:00:25.786 [Test worker] INFO org.flywaydb.core.internal.command.DbMigrate -- Migrating schema "calendar_fresh_path" to version "224 - create work calendar references"
12:00:25.804 [Test worker] INFO org.flywaydb.core.internal.command.DbMigrate -- Migrating schema "calendar_fresh_path" to version "225 - launch workplace at home"
12:00:25.813 [Test worker] INFO org.flywaydb.core.internal.command.DbMigrate -- Migrating schema "calendar_fresh_path" to version "226 - create work assignments"
12:00:25.850 [Test worker] INFO org.flywaydb.core.internal.command.DbMigrate -- Migrating schema "calendar_fresh_path" to version "227 - record service requester information responses"
12:00:25.866 [Test worker] INFO org.flywaydb.core.internal.command.DbMigrate -- Migrating schema "calendar_fresh_path" to version "228 - extend personal work checklists sources and deletion"
12:00:25.884 [Test worker] INFO org.flywaydb.core.internal.command.DbMigrate -- Migrating schema "calendar_fresh_path" to version "229 - bind personal work commands to activity"
12:00:25.912 [Test worker] INFO org.flywaydb.core.internal.sqlscript.DefaultSqlScriptExecutor -- +----------------------------------------+
| project_personal_work_command_activity |
+----------------------------------------+
| No rows returned                       |
+----------------------------------------+

12:00:25.929 [Test worker] INFO org.flywaydb.core.internal.command.DbMigrate -- Migrating schema "calendar_fresh_path" to version "230 - publish governed agent catalog profiles"
12:00:25.944 [Test worker] INFO org.flywaydb.core.internal.command.DbMigrate -- Migrating schema "calendar_fresh_path" to version "231 - register approval superseded task status"
12:00:25.945 [Test worker] INFO org.flywaydb.core.internal.sqlscript.DefaultSqlScriptExecutor -- +-----------------------+
| pg_advisory_xact_lock |
+-----------------------+
|                       |
+-----------------------+

12:00:25.963 [Test worker] INFO org.flywaydb.core.internal.command.DbMigrate -- Migrating schema "calendar_fresh_path" to version "247 - persist workplace experience collaboration"
12:00:26.006 [Test worker] INFO org.flywaydb.core.internal.command.DbMigrate -- Migrating schema "calendar_fresh_path" to version "248 - align workplace zero minute auto release snapshot"
12:00:26.023 [Test worker] INFO org.flywaydb.core.internal.command.DbMigrate -- Migrating schema "calendar_fresh_path" to version "249 - persist workplace facility closures and requests"
12:00:26.050 [Test worker] INFO org.flywaydb.core.internal.command.DbMigrate -- Migrating schema "calendar_fresh_path" to version "250 - bridge native room facility closures"
12:00:26.074 [Test worker] INFO org.flywaydb.core.internal.command.DbMigrate -- Migrating schema "calendar_fresh_path" to version "251 - govern native facility record retention"
12:00:26.099 [Test worker] INFO org.flywaydb.core.internal.command.DbMigrate -- Migrating schema "calendar_fresh_path" to version "252 - add workplace floor access overlay"
12:00:26.131 [Test worker] INFO org.flywaydb.core.internal.command.DbMigrate -- Migrating schema "calendar_fresh_path" to version "253 - restrict workplace delegated admin floor scope"
12:00:26.157 [Test worker] INFO org.flywaydb.core.internal.command.DbMigrate -- Migrating schema "calendar_fresh_path" to version "254 - register workplace data source connectors"
12:00:26.172 [Test worker] INFO org.flywaydb.core.internal.command.DbMigrate -- Migrating schema "calendar_fresh_path" to version "255 - persist workplace facility work order metadata"
12:00:26.190 [Test worker] INFO org.flywaydb.core.internal.command.DbMigrate -- Migrating schema "calendar_fresh_path" to version "256 - widen calendar event titles for work handoff"
12:00:26.209 [Test worker] INFO org.flywaydb.core.internal.command.DbMigrate -- Migrating schema "calendar_fresh_path" with repeatable migration "create domain event delivery ledger"
12:00:26.216 [Test worker] WARN org.flywaydb.core.internal.proprietaryStubs.ErrorOverridesSupportStub -- DB: column "lock_token" of relation "sys_domain_event_outbox" already exists, skipping (SQL State: 42701 - Error Code: 0)
12:00:26.218 [Test worker] INFO org.flywaydb.core.internal.proprietaryStubs.ErrorOverridesSupportStub -- DB: constraint "uq_domain_event_outbox_aggregate_sequence" of relation "sys_domain_event_outbox" does not exist, skipping
12:00:26.239 [Test worker] WARN org.flywaydb.core.internal.proprietaryStubs.ErrorOverridesSupportStub -- DB: column "tenant_id" of relation "sys_domain_event_offsets" already exists, skipping (SQL State: 42701 - Error Code: 0)
12:00:26.279 [Test worker] INFO org.flywaydb.core.internal.command.DbMigrate -- Successfully applied 208 migrations to schema "calendar_fresh_path", now at version v256 (execution time 00:04.663s)
12:00:27.068 [Test worker] INFO tc.postgres:16-alpine -- Creating container for image: postgres:16-alpine
12:00:27.211 [Test worker] INFO tc.postgres:16-alpine -- Container postgres:16-alpine is starting: 9115d1565d4d829751bf6bc67a8143e48fa1f7b92c8322f5c4bc5744ae132636
12:00:28.491 [Test worker] INFO tc.postgres:16-alpine -- Container postgres:16-alpine started in PT1.423621S
12:00:28.492 [Test worker] INFO tc.postgres:16-alpine -- Container is started (JDBC URL: jdbc:postgresql://localhost:55950/test?loggerLevel=OFF)
12:00:28.553 [Test worker] INFO org.flywaydb.core.FlywayExecutor -- Database: jdbc:postgresql://localhost:55950/test?adaptiveFetch=false&adaptiveFetchMaximum=-1&adaptiveFetchMinimum=0&allowEncodingChanges=false&ApplicationName=PostgreSQL+JDBC+Driver&autosave=never&binaryTransfer=true&binaryTransferDisable=&binaryTransferEnable=&cancelSignalTimeout=10&channelBinding=prefer&cleanupSavepoints=false&connectTimeout=10&convertBooleanToNumeric=false&databaseMetadataCacheFields=65536&databaseMetadataCacheFieldsMiB=5&defaultRowFetchSize=0&disableColumnSanitiser=false&escapeSyntaxCallMode=select&groupStartupParameters=false&gssEncMode=allow&gsslib=auto&gssResponseTimeout=5000&gssUseDefaultCreds=false&hideUnprivilegedObjects=false&hostRecheckSeconds=10&jaasApplicationName=pgjdbc&jaasLogin=true&loadBalanceHosts=false&loggerLevel=OFF&loginTimeout=0&logServerErrorDetail=true&logUnclosedConnections=false&maxSendBufferSize=8192&pemKeyAlgorithm=RSA&preferQueryMode=extended&preparedStatementCacheQueries=256&preparedStatementCacheSizeMiB=5&prepareThreshold=5&protocolVersion=3&queryTimeout=0&quoteReturningIdentifiers=true&readOnly=false&readOnlyMode=transaction&receiveBufferSize=-1&reWriteBatchedInserts=false&scramMaxIterations=100000&sendBufferSize=-1&socketTimeout=0&sslfactory=org.postgresql.ssl.LibPQFactory&sslNegotiation=postgres&sslResponseTimeout=5000&sspiServiceClass=POSTGRES&targetServerType=any&tcpKeepAlive=false&tcpNoDelay=true&unknownLength=2147483647&useSpnego=false&xmlFactoryFactory= (PostgreSQL 16.15)
12:00:28.575 [Test worker] INFO org.flywaydb.core.internal.schemahistory.JdbcTableSchemaHistory -- Schema history table "calendar_upgrade_path"."flyway_schema_history" does not exist yet
12:00:28.575 [Test worker] INFO org.flywaydb.core.internal.command.clean.CleanExecutor -- Successfully dropped pre-schema database level objects (execution time 00:00.000s)
12:00:28.577 [Test worker] WARN org.flywaydb.core.internal.command.clean.CleanExecutor -- Unable to clean unknown schema: "calendar_upgrade_path"
12:00:28.577 [Test worker] INFO org.flywaydb.core.internal.command.clean.CleanExecutor -- Successfully dropped post-schema database level objects (execution time 00:00.000s)
12:00:28.628 [Test worker] INFO org.flywaydb.core.FlywayExecutor -- Database: jdbc:postgresql://localhost:55950/test?adaptiveFetch=false&adaptiveFetchMaximum=-1&adaptiveFetchMinimum=0&allowEncodingChanges=false&ApplicationName=PostgreSQL+JDBC+Driver&autosave=never&binaryTransfer=true&binaryTransferDisable=&binaryTransferEnable=&cancelSignalTimeout=10&channelBinding=prefer&cleanupSavepoints=false&connectTimeout=10&convertBooleanToNumeric=false&databaseMetadataCacheFields=65536&databaseMetadataCacheFieldsMiB=5&defaultRowFetchSize=0&disableColumnSanitiser=false&escapeSyntaxCallMode=select&groupStartupParameters=false&gssEncMode=allow&gsslib=auto&gssResponseTimeout=5000&gssUseDefaultCreds=false&hideUnprivilegedObjects=false&hostRecheckSeconds=10&jaasApplicationName=pgjdbc&jaasLogin=true&loadBalanceHosts=false&loggerLevel=OFF&loginTimeout=0&logServerErrorDetail=true&logUnclosedConnections=false&maxSendBufferSize=8192&pemKeyAlgorithm=RSA&preferQueryMode=extended&preparedStatementCacheQueries=256&preparedStatementCacheSizeMiB=5&prepareThreshold=5&protocolVersion=3&queryTimeout=0&quoteReturningIdentifiers=true&readOnly=false&readOnlyMode=transaction&receiveBufferSize=-1&reWriteBatchedInserts=false&scramMaxIterations=100000&sendBufferSize=-1&socketTimeout=0&sslfactory=org.postgresql.ssl.LibPQFactory&sslNegotiation=postgres&sslResponseTimeout=5000&sspiServiceClass=POSTGRES&targetServerType=any&tcpKeepAlive=false&tcpNoDelay=true&unknownLength=2147483647&useSpnego=false&xmlFactoryFactory= (PostgreSQL 16.15)
12:00:28.704 [Test worker] INFO org.flywaydb.core.internal.database.base.Schema -- Creating schema "calendar_upgrade_path" ...
12:00:28.709 [Test worker] INFO org.flywaydb.core.internal.schemahistory.JdbcTableSchemaHistory -- Creating Schema History table "calendar_upgrade_path"."flyway_schema_history" ...
12:00:28.747 [Test worker] INFO org.flywaydb.core.internal.command.DbMigrate -- Current version of schema "calendar_upgrade_path": null
12:00:28.751 [Test worker] INFO org.flywaydb.core.internal.command.DbMigrate -- Migrating schema "calendar_upgrade_path" to version "1 - create platform control plane"
12:00:28.792 [Test worker] INFO org.flywaydb.core.internal.command.DbMigrate -- Migrating schema "calendar_upgrade_path" to version "2 - create product registry"
12:00:28.821 [Test worker] INFO org.flywaydb.core.internal.command.DbMigrate -- Migrating schema "calendar_upgrade_path" to version "3 - add tenant home experience"
12:00:28.842 [Test worker] INFO org.flywaydb.core.internal.command.DbMigrate -- Migrating schema "calendar_upgrade_path" to version "4 - add branding home preferences and announcements"
12:00:28.877 [Test worker] INFO org.flywaydb.core.internal.command.DbMigrate -- Migrating schema "calendar_upgrade_path" to version "5 - add navigation localization and admin command foundation"
12:00:28.933 [Test worker] INFO org.flywaydb.core.internal.command.DbMigrate -- Migrating schema "calendar_upgrade_path" to version "6 - create personal preferences"
12:00:28.946 [Test worker] INFO org.flywaydb.core.internal.command.DbMigrate -- Migrating schema "calendar_upgrade_path" to version "7 - seed default runtime navigation"
12:00:28.964 [Test worker] INFO org.flywaydb.core.internal.command.DbMigrate -- Migrating schema "calendar_upgrade_path" to version "8 - seed default app registry"
12:00:28.977 [Test worker] INFO org.flywaydb.core.internal.command.DbMigrate -- Migrating schema "calendar_upgrade_path" to version "9 - create partitioned api history"
12:00:28.988 [Test worker] INFO org.flywaydb.core.internal.sqlscript.DefaultSqlScriptExecutor -- +----------------------------------+
| sys_ensure_api_history_partition |
+----------------------------------+
|                                  |
+----------------------------------+

12:00:28.992 [Test worker] INFO org.flywaydb.core.internal.sqlscript.DefaultSqlScriptExecutor -- +----------------------------------+
| sys_ensure_api_history_partition |
+----------------------------------+
|                                  |
+----------------------------------+

12:00:28.996 [Test worker] INFO org.flywaydb.core.internal.sqlscript.DefaultSqlScriptExecutor -- +----------------------------------+
| sys_ensure_api_history_partition |
+----------------------------------+
|                                  |
+----------------------------------+

12:00:29.023 [Test worker] INFO org.flywaydb.core.internal.command.DbMigrate -- Migrating schema "calendar_upgrade_path" to version "10 - add provider tenant registry"
12:00:29.040 [Test worker] INFO org.flywaydb.core.internal.command.DbMigrate -- Migrating schema "calendar_upgrade_path" to version "11 - create enterprise audit control plane"
12:00:29.054 [Test worker] INFO org.flywaydb.core.internal.sqlscript.DefaultSqlScriptExecutor -- +----------------------------------+
| sys_ensure_audit_event_partition |
+----------------------------------+
|                                  |
+----------------------------------+

12:00:29.058 [Test worker] INFO org.flywaydb.core.internal.sqlscript.DefaultSqlScriptExecutor -- +----------------------------------+
| sys_ensure_audit_event_partition |
+----------------------------------+
|                                  |
+----------------------------------+

12:00:29.062 [Test worker] INFO org.flywaydb.core.internal.sqlscript.DefaultSqlScriptExecutor -- +----------------------------------+
| sys_ensure_audit_event_partition |
+----------------------------------+
|                                  |
+----------------------------------+

12:00:29.142 [Test worker] INFO org.flywaydb.core.internal.command.DbMigrate -- Migrating schema "calendar_upgrade_path" to version "12 - apply skax demo branding"
12:00:29.154 [Test worker] INFO org.flywaydb.core.internal.command.DbMigrate -- Migrating schema "calendar_upgrade_path" to version "13 - add audit investigation workspace"
12:00:29.195 [Test worker] INFO org.flywaydb.core.internal.command.DbMigrate -- Migrating schema "calendar_upgrade_path" to version "14 - add system code contract registry"
12:00:29.274 [Test worker] INFO org.flywaydb.core.internal.command.DbMigrate -- Migrating schema "calendar_upgrade_path" to version "15 - register complete system code contracts"
12:00:29.381 [Test worker] INFO org.flywaydb.core.internal.command.DbMigrate -- Migrating schema "calendar_upgrade_path" to version "16 - register api and json code contracts"
12:00:29.406 [Test worker] INFO org.flywaydb.core.internal.command.DbMigrate -- Migrating schema "calendar_upgrade_path" to version "17 - register role catalog internal contracts"
12:00:29.420 [Test worker] INFO org.flywaydb.core.internal.command.DbMigrate -- Migrating schema "calendar_upgrade_path" to version "18 - close typed code contract gaps and revisioning"
12:00:29.442 [Test worker] INFO org.flywaydb.core.internal.command.DbMigrate -- Migrating schema "calendar_upgrade_path" to version "19 - govern system code runtime visibility"
12:00:29.465 [Test worker] INFO org.flywaydb.core.internal.command.DbMigrate -- Migrating schema "calendar_upgrade_path" to version "20 - register people and workforce applications"
12:00:29.485 [Test worker] INFO org.flywaydb.core.internal.command.DbMigrate -- Migrating schema "calendar_upgrade_path" to version "21 - restrict workforce approval role contract"
12:00:29.500 [Test worker] INFO org.flywaydb.core.internal.command.DbMigrate -- Migrating schema "calendar_upgrade_path" to version "22 - seed skax reference data catalog"
12:00:29.528 [Test worker] INFO org.flywaydb.core.internal.command.DbMigrate -- Migrating schema "calendar_upgrade_path" to version "23 - register product catalog read permission"
12:00:29.539 [Test worker] INFO org.flywaydb.core.internal.command.DbMigrate -- Migrating schema "calendar_upgrade_path" to version "24 - register role delegation code contracts"
12:00:29.551 [Test worker] INFO org.flywaydb.core.internal.command.DbMigrate -- Migrating schema "calendar_upgrade_path" to version "25 - register data governance code contracts"
12:00:29.569 [Test worker] INFO org.flywaydb.core.internal.command.DbMigrate -- Migrating schema "calendar_upgrade_path" to version "26 - create workspace runtime"
12:00:29.599 [Test worker] INFO org.flywaydb.core.internal.command.DbMigrate -- Migrating schema "calendar_upgrade_path" to version "27 - align workspace capability descriptions"
12:00:29.613 [Test worker] INFO org.flywaydb.core.internal.command.DbMigrate -- Migrating schema "calendar_upgrade_path" to version "28 - register workspace runtime code contracts"
12:00:29.631 [Test worker] INFO org.flywaydb.core.internal.command.DbMigrate -- Migrating schema "calendar_upgrade_path" to version "29 - register access review code contracts"
12:00:29.652 [Test worker] INFO org.flywaydb.core.internal.command.DbMigrate -- Migrating schema "calendar_upgrade_path" to version "30 - create governed saved views"
12:00:29.690 [Test worker] INFO org.flywaydb.core.internal.command.DbMigrate -- Migrating schema "calendar_upgrade_path" to version "31 - create productivity connector control plane"
12:00:29.753 [Test worker] INFO org.flywaydb.core.internal.command.DbMigrate -- Migrating schema "calendar_upgrade_path" to version "32 - index cross domain audit projection"
12:00:29.773 [Test worker] INFO org.flywaydb.core.internal.command.DbMigrate -- Migrating schema "calendar_upgrade_path" to version "33 - register hris operational code contracts"
12:00:29.791 [Test worker] INFO org.flywaydb.core.internal.command.DbMigrate -- Migrating schema "calendar_upgrade_path" to version "34 - register productivity code contracts"
12:00:29.811 [Test worker] INFO org.flywaydb.core.internal.command.DbMigrate -- Migrating schema "calendar_upgrade_path" to version "35 - register productivity typed contracts"
12:00:29.824 [Test worker] INFO org.flywaydb.core.internal.command.DbMigrate -- Migrating schema "calendar_upgrade_path" to version "36 - register governed ask agent"
12:00:29.842 [Test worker] INFO org.flywaydb.core.internal.command.DbMigrate -- Migrating schema "calendar_upgrade_path" to version "37 - backfill governed ask agent for service tenants"
12:00:29.859 [Test worker] INFO org.flywaydb.core.internal.command.DbMigrate -- Migrating schema "calendar_upgrade_path" to version "38 - create audit case closure reports"
12:00:29.882 [Test worker] INFO org.flywaydb.core.internal.command.DbMigrate -- Migrating schema "calendar_upgrade_path" to version "39 - enforce closed audit case immutability"
12:00:29.902 [Test worker] INFO org.flywaydb.core.internal.command.DbMigrate -- Migrating schema "calendar_upgrade_path" to version "40 - complete closed audit finding guard"
12:00:29.916 [Test worker] INFO org.flywaydb.core.internal.command.DbMigrate -- Migrating schema "calendar_upgrade_path" to version "41 - create announcement engagement evidence"
12:00:29.931 [Test worker] INFO org.flywaydb.core.internal.command.DbMigrate -- Migrating schema "calendar_upgrade_path" to version "42 - create experience studio revisions"
12:00:29.955 [Test worker] INFO org.flywaydb.core.internal.command.DbMigrate -- Migrating schema "calendar_upgrade_path" to version "43 - register wave2 code contracts"
12:00:29.970 [Test worker] INFO org.flywaydb.core.internal.command.DbMigrate -- Migrating schema "calendar_upgrade_path" to version "44 - create tenant catalog relationships"
12:00:29.997 [Test worker] INFO org.flywaydb.core.internal.command.DbMigrate -- Migrating schema "calendar_upgrade_path" to version "45 - create navigation studio revisions"
12:00:30.017 [Test worker] INFO org.flywaydb.core.internal.command.DbMigrate -- Migrating schema "calendar_upgrade_path" to version "46 - create workspace app access requests"
12:00:30.040 [Test worker] INFO org.flywaydb.core.internal.command.DbMigrate -- Migrating schema "calendar_upgrade_path" to version "47 - evolve personal preferences v2"
12:00:30.059 [Test worker] INFO org.flywaydb.core.internal.command.DbMigrate -- Migrating schema "calendar_upgrade_path" to version "48 - expire workspace app access requests"
12:00:30.074 [Test worker] INFO org.flywaydb.core.internal.command.DbMigrate -- Migrating schema "calendar_upgrade_path" to version "49 - add audit policy revision governance"
12:00:30.099 [Test worker] INFO org.flywaydb.core.internal.command.DbMigrate -- Migrating schema "calendar_upgrade_path" to version "50 - add catalog assurance governance"
12:00:30.140 [Test worker] INFO org.flywaydb.core.internal.command.DbMigrate -- Migrating schema "calendar_upgrade_path" to version "51 - govern managed preference exceptions"
12:00:30.192 [Test worker] INFO org.flywaydb.core.internal.command.DbMigrate -- Migrating schema "calendar_upgrade_path" to version "52 - create localization revision studio"
12:00:30.228 [Test worker] INFO org.flywaydb.core.internal.command.DbMigrate -- Migrating schema "calendar_upgrade_path" to version "53 - govern team saved view ownership"
12:00:30.271 [Test worker] INFO org.flywaydb.core.internal.command.DbMigrate -- Migrating schema "calendar_upgrade_path" to version "54 - register workforce and event code contracts"
12:00:30.290 [Test worker] INFO org.flywaydb.core.internal.command.DbMigrate -- Migrating schema "calendar_upgrade_path" to version "55 - register wave3 governance code contracts"
12:00:30.317 [Test worker] INFO org.flywaydb.core.internal.command.DbMigrate -- Migrating schema "calendar_upgrade_path" to version "56 - register domain event typed contracts"
12:00:30.330 [Test worker] INFO org.flywaydb.core.internal.command.DbMigrate -- Migrating schema "calendar_upgrade_path" to version "57 - unify people experience under hr"
12:00:30.350 [Test worker] INFO org.flywaydb.core.internal.command.DbMigrate -- Migrating schema "calendar_upgrade_path" to version "58 - name hris product surface"
12:00:30.362 [Test worker] INFO org.flywaydb.core.internal.command.DbMigrate -- Migrating schema "calendar_upgrade_path" to version "59 - complete app access fulfilment lifecycle"
12:00:30.389 [Test worker] INFO org.flywaydb.core.internal.command.DbMigrate -- Migrating schema "calendar_upgrade_path" to version "60 - create enterprise communications experience"
12:00:30.436 [Test worker] INFO org.flywaydb.core.internal.command.DbMigrate -- Migrating schema "calendar_upgrade_path" to version "61 - harden communications governance and reactions"
12:00:30.465 [Test worker] INFO org.flywaydb.core.internal.command.DbMigrate -- Migrating schema "calendar_upgrade_path" to version "62 - create employee service center"
12:00:30.523 [Test worker] INFO org.flywaydb.core.internal.command.DbMigrate -- Migrating schema "calendar_upgrade_path" to version "63 - harden and seed service operations"
12:00:30.547 [Test worker] INFO org.flywaydb.core.internal.command.DbMigrate -- Migrating schema "calendar_upgrade_path" to version "64 - register scoped admin communications and service contracts"
12:00:30.573 [Test worker] INFO org.flywaydb.core.internal.command.DbMigrate -- Migrating schema "calendar_upgrade_path" to version "65 - reconcile announcement and support access contracts"
12:00:30.588 [Test worker] INFO org.flywaydb.core.internal.command.DbMigrate -- Migrating schema "calendar_upgrade_path" to version "66 - project delegated and control plane roles"
12:00:30.602 [Test worker] INFO org.flywaydb.core.internal.command.DbMigrate -- Migrating schema "calendar_upgrade_path" to version "67 - evolve personal home surfaces"
12:00:30.622 [Test worker] INFO org.flywaydb.core.internal.command.DbMigrate -- Migrating schema "calendar_upgrade_path" to version "68 - register tenant authorization template contracts"
12:00:30.639 [Test worker] INFO org.flywaydb.core.internal.command.DbMigrate -- Migrating schema "calendar_upgrade_path" to version "69 - create enterprise calendar"
12:00:30.717 [Test worker] INFO org.flywaydb.core.internal.command.DbMigrate -- Migrating schema "calendar_upgrade_path" to version "70 - register approval home and workspace app"
12:00:30.730 [Test worker] INFO org.flywaydb.core.internal.command.DbMigrate -- Migrating schema "calendar_upgrade_path" to version "71 - harden calendar identity and booking governance"
12:00:30.753 [Test worker] INFO org.flywaydb.core.internal.command.DbMigrate -- Migrating schema "calendar_upgrade_path" to version "72 - enforce calendar resource booking integrity"
12:00:30.841 [Test worker] INFO org.flywaydb.core.internal.command.DbMigrate -- Migrating schema "calendar_upgrade_path" to version "73 - expand people service catalog"
12:00:30.856 [Test worker] INFO org.flywaydb.core.internal.command.DbMigrate -- Migrating schema "calendar_upgrade_path" to version "74 - seed complete skax calendar workforce"
12:00:31.026 [Test worker] INFO org.flywaydb.core.internal.command.DbMigrate -- Migrating schema "calendar_upgrade_path" to version "75 - separate skax calendar reminders"
12:00:31.046 [Test worker] INFO org.flywaydb.core.internal.command.DbMigrate -- Migrating schema "calendar_upgrade_path" to version "76 - align skax absence and room schedules"
12:00:31.060 [Test worker] INFO org.flywaydb.core.internal.command.DbMigrate -- Migrating schema "calendar_upgrade_path" to version "77 - govern home launchpad configuration"
12:00:31.074 [Test worker] INFO org.flywaydb.core.internal.command.DbMigrate -- Migrating schema "calendar_upgrade_path" to version "78 - adopt dwp hcm product contract"
12:00:31.102 [Test worker] INFO org.flywaydb.core.internal.command.DbMigrate -- Migrating schema "calendar_upgrade_path" to version "90 - personalize workspace home work items"
12:00:31.128 [Test worker] INFO org.flywaydb.core.internal.command.DbMigrate -- Migrating schema "calendar_upgrade_path" to version "91 - govern home recommendations and widget metadata"
12:00:31.145 [Test worker] INFO org.flywaydb.core.internal.command.DbMigrate -- Migrating schema "calendar_upgrade_path" to version "92 - stabilize calendar person ownership"
12:00:31.181 [Test worker] INFO org.flywaydb.core.internal.command.DbMigrate -- Migrating schema "calendar_upgrade_path" to version "93 - normalize calendar identity references"
12:00:31.204 [Test worker] INFO org.flywaydb.core.internal.command.DbMigrate -- Migrating schema "calendar_upgrade_path" to version "94 - register hcm calendar home and approval code contracts"
12:00:31.237 [Test worker] INFO org.flywaydb.core.internal.command.DbMigrate -- Migrating schema "calendar_upgrade_path" to version "95 - exclude retired code sets from registry health"
12:00:31.248 [Test worker] INFO org.flywaydb.core.internal.command.DbMigrate -- Migrating schema "calendar_upgrade_path" to version "96 - project calendar approval and hcm roles"
12:00:31.259 [Test worker] INFO org.flywaydb.core.internal.command.DbMigrate -- Migrating schema "calendar_upgrade_path" to version "97 - register home overview section status contract"
12:00:31.272 [Test worker] INFO org.flywaydb.core.internal.command.DbMigrate -- Migrating schema "calendar_upgrade_path" to version "98 - retire unowned platform placeholders"
12:00:31.316 [Test worker] INFO org.flywaydb.core.internal.command.DbMigrate -- Migrating schema "calendar_upgrade_path" to version "99 - register hr home domain state contracts"
12:00:31.329 [Test worker] INFO org.flywaydb.core.internal.command.DbMigrate -- Migrating schema "calendar_upgrade_path" to version "100 - promote shared classification and risk contracts"
12:00:31.343 [Test worker] INFO org.flywaydb.core.internal.command.DbMigrate -- Migrating schema "calendar_upgrade_path" to version "101 - separate fixed home zones from personal widgets"
12:00:31.355 [Test worker] INFO org.flywaydb.core.internal.command.DbMigrate -- Migrating schema "calendar_upgrade_path" to version "102 - add fractional home widget footprints"
12:00:31.367 [Test worker] INFO org.flywaydb.core.internal.command.DbMigrate -- Migrating schema "calendar_upgrade_path" to version "103 - govern tenant home composition"
12:00:31.388 [Test worker] INFO org.flywaydb.core.internal.command.DbMigrate -- Migrating schema "calendar_upgrade_path" to version "104 - enrich joonbin personal home seed"
12:00:31.401 [Test worker] INFO org.flywaydb.core.internal.command.DbMigrate -- Migrating schema "calendar_upgrade_path" to version "105 - assign distinct communication cover images"
12:00:31.412 [Test worker] INFO org.flywaydb.core.internal.command.DbMigrate -- Migrating schema "calendar_upgrade_path" to version "106 - optimize communication cover image formats"
12:00:31.426 [Test worker] INFO org.flywaydb.core.internal.command.DbMigrate -- Migrating schema "calendar_upgrade_path" to version "107 - restore personal workspace tools"
12:00:31.445 [Test worker] INFO org.flywaydb.core.internal.command.DbMigrate -- Migrating schema "calendar_upgrade_path" to version "108 - govern home widget heights"
12:00:31.469 [Test worker] INFO org.flywaydb.core.internal.command.DbMigrate -- Migrating schema "calendar_upgrade_path" to version "120 - create enterprise mail domain"
12:00:31.534 [Test worker] INFO org.flywaydb.core.internal.command.DbMigrate -- Migrating schema "calendar_upgrade_path" to version "121 - seed skax enterprise mail"
12:00:31.565 [Test worker] INFO org.flywaydb.core.internal.command.DbMigrate -- Migrating schema "calendar_upgrade_path" to version "122 - promote native mail application"
12:00:31.577 [Test worker] INFO org.flywaydb.core.internal.command.DbMigrate -- Migrating schema "calendar_upgrade_path" to version "123 - register enterprise spaces"
12:00:31.589 [Test worker] INFO org.flywaydb.core.internal.command.DbMigrate -- Migrating schema "calendar_upgrade_path" to version "124 - backfill skax mail for all active members"
12:00:31.641 [Test worker] INFO org.flywaydb.core.internal.command.DbMigrate -- Migrating schema "calendar_upgrade_path" to version "125 - complete skax shared mail collaboration"
12:00:31.658 [Test worker] INFO org.flywaydb.core.internal.command.DbMigrate -- Migrating schema "calendar_upgrade_path" to version "126 - register enterprise space code contracts"
12:00:31.684 [Test worker] INFO org.flywaydb.core.internal.command.DbMigrate -- Migrating schema "calendar_upgrade_path" to version "127 - register space operations code contracts"
12:00:31.703 [Test worker] INFO org.flywaydb.core.internal.command.DbMigrate -- Migrating schema "calendar_upgrade_path" to version "128 - version governed mail action contracts"
12:00:31.713 [Test worker] INFO org.flywaydb.core.internal.command.DbMigrate -- Migrating schema "calendar_upgrade_path" to version "129 - register space owner recovery policy type"
12:00:31.723 [Test worker] INFO org.flywaydb.core.internal.command.DbMigrate -- Migrating schema "calendar_upgrade_path" to version "130 - complete space owner recovery code contract"
12:00:31.732 [Test worker] INFO org.flywaydb.core.internal.command.DbMigrate -- Migrating schema "calendar_upgrade_path" to version "140 - harden governed mail action invariants"
12:00:31.744 [Test worker] INFO org.flywaydb.core.internal.command.DbMigrate -- Migrating schema "calendar_upgrade_path" to version "141 - operationalize mail delivery outbox"
12:00:31.763 [Test worker] INFO org.flywaydb.core.internal.command.DbMigrate -- Migrating schema "calendar_upgrade_path" to version "142 - support mail thread folder membership"
12:00:31.782 [Test worker] INFO org.flywaydb.core.internal.command.DbMigrate -- Migrating schema "calendar_upgrade_path" to version "143 - unify dwaion product identity"
12:00:31.794 [Test worker] INFO org.flywaydb.core.internal.command.DbMigrate -- Migrating schema "calendar_upgrade_path" to version "144 - register enterprise rooms"
12:00:31.805 [Test worker] INFO org.flywaydb.core.internal.command.DbMigrate -- Migrating schema "calendar_upgrade_path" to version "145 - adopt dwaion workspace route"
12:00:31.816 [Test worker] INFO org.flywaydb.core.internal.command.DbMigrate -- Migrating schema "calendar_upgrade_path" to version "146 - create enterprise workplace"
12:00:31.867 [Test worker] INFO org.flywaydb.core.internal.command.DbMigrate -- Migrating schema "calendar_upgrade_path" to version "147 - enforce workplace tenant relations"
12:00:31.891 [Test worker] INFO org.flywaydb.core.internal.command.DbMigrate -- Migrating schema "calendar_upgrade_path" to version "148 - harden workplace booking invariants"
12:00:31.905 [Test worker] INFO org.flywaydb.core.internal.command.DbMigrate -- Migrating schema "calendar_upgrade_path" to version "149 - register enterprise messaging"
[...]
12:00:33.061 [Test worker] INFO org.flywaydb.core.internal.command.DbMigrate -- Migrating schema "calendar_upgrade_path" to version "190 - reconcile database check contract registry"
12:00:33.094 [Test worker] INFO org.flywaydb.core.internal.command.DbMigrate -- Migrating schema "calendar_upgrade_path" to version "191 - receipt provider tenant commands"
12:00:33.111 [Test worker] INFO org.flywaydb.core.internal.command.DbMigrate -- Migrating schema "calendar_upgrade_path" with repeatable migration "create domain event delivery ledger"
12:00:33.116 [Test worker] WARN org.flywaydb.core.internal.proprietaryStubs.ErrorOverridesSupportStub -- DB: column "lock_token" of relation "sys_domain_event_outbox" already exists, skipping (SQL State: 42701 - Error Code: 0)
12:00:33.117 [Test worker] INFO org.flywaydb.core.internal.proprietaryStubs.ErrorOverridesSupportStub -- DB: constraint "uq_domain_event_outbox_aggregate_sequence" of relation "sys_domain_event_outbox" does not exist, skipping
12:00:33.137 [Test worker] WARN org.flywaydb.core.internal.proprietaryStubs.ErrorOverridesSupportStub -- DB: column "tenant_id" of relation "sys_domain_event_offsets" already exists, skipping (SQL State: 42701 - Error Code: 0)
12:00:33.158 [Test worker] INFO org.flywaydb.core.internal.command.DbMigrate -- Successfully applied 159 migrations to schema "calendar_upgrade_path", now at version v191 (execution time 00:02.874s)
12:00:33.217 [Test worker] INFO org.flywaydb.core.FlywayExecutor -- Database: jdbc:postgresql://localhost:55950/test?adaptiveFetch=false&adaptiveFetchMaximum=-1&adaptiveFetchMinimum=0&allowEncodingChanges=false&ApplicationName=PostgreSQL+JDBC+Driver&autosave=never&binaryTransfer=true&binaryTransferDisable=&binaryTransferEnable=&cancelSignalTimeout=10&channelBinding=prefer&cleanupSavepoints=false&connectTimeout=10&convertBooleanToNumeric=false&databaseMetadataCacheFields=65536&databaseMetadataCacheFieldsMiB=5&defaultRowFetchSize=0&disableColumnSanitiser=false&escapeSyntaxCallMode=select&groupStartupParameters=false&gssEncMode=allow&gsslib=auto&gssResponseTimeout=5000&gssUseDefaultCreds=false&hideUnprivilegedObjects=false&hostRecheckSeconds=10&jaasApplicationName=pgjdbc&jaasLogin=true&loadBalanceHosts=false&loggerLevel=OFF&loginTimeout=0&logServerErrorDetail=true&logUnclosedConnections=false&maxSendBufferSize=8192&pemKeyAlgorithm=RSA&preferQueryMode=extended&preparedStatementCacheQueries=256&preparedStatementCacheSizeMiB=5&prepareThreshold=5&protocolVersion=3&queryTimeout=0&quoteReturningIdentifiers=true&readOnly=false&readOnlyMode=transaction&receiveBufferSize=-1&reWriteBatchedInserts=false&scramMaxIterations=100000&sendBufferSize=-1&socketTimeout=0&sslfactory=org.postgresql.ssl.LibPQFactory&sslNegotiation=postgres&sslResponseTimeout=5000&sspiServiceClass=POSTGRES&targetServerType=any&tcpKeepAlive=false&tcpNoDelay=true&unknownLength=2147483647&useSpnego=false&xmlFactoryFactory= (PostgreSQL 16.15)
12:00:33.306 [Test worker] INFO org.flywaydb.core.internal.command.DbValidate -- Successfully validated 209 migrations (execution time 00:00.069s)
12:00:33.330 [Test worker] INFO org.flywaydb.core.internal.command.DbMigrate -- Current version of schema "calendar_upgrade_path": 191
12:00:33.336 [Test worker] INFO org.flywaydb.core.internal.command.DbMigrate -- Migrating schema "calendar_upgrade_path" to version "192 - govern calendar sharing and personalization"
12:00:33.432 [Test worker] INFO org.flywaydb.core.internal.command.DbMigrate -- Successfully applied 1 migration to schema "calendar_upgrade_path", now at version v192 (execution time 00:00.088s)
12:00:33.505 [Test worker] INFO org.flywaydb.core.FlywayExecutor -- Database: jdbc:postgresql://localhost:55950/test?adaptiveFetch=false&adaptiveFetchMaximum=-1&adaptiveFetchMinimum=0&allowEncodingChanges=false&ApplicationName=PostgreSQL+JDBC+Driver&autosave=never&binaryTransfer=true&binaryTransferDisable=&binaryTransferEnable=&cancelSignalTimeout=10&channelBinding=prefer&cleanupSavepoints=false&connectTimeout=10&convertBooleanToNumeric=false&databaseMetadataCacheFields=65536&databaseMetadataCacheFieldsMiB=5&defaultRowFetchSize=0&disableColumnSanitiser=false&escapeSyntaxCallMode=select&groupStartupParameters=false&gssEncMode=allow&gsslib=auto&gssResponseTimeout=5000&gssUseDefaultCreds=false&hideUnprivilegedObjects=false&hostRecheckSeconds=10&jaasApplicationName=pgjdbc&jaasLogin=true&loadBalanceHosts=false&loggerLevel=OFF&loginTimeout=0&logServerErrorDetail=true&logUnclosedConnections=false&maxSendBufferSize=8192&pemKeyAlgorithm=RSA&preferQueryMode=extended&preparedStatementCacheQueries=256&preparedStatementCacheSizeMiB=5&prepareThreshold=5&protocolVersion=3&queryTimeout=0&quoteReturningIdentifiers=true&readOnly=false&readOnlyMode=transaction&receiveBufferSize=-1&reWriteBatchedInserts=false&scramMaxIterations=100000&sendBufferSize=-1&socketTimeout=0&sslfactory=org.postgresql.ssl.LibPQFactory&sslNegotiation=postgres&sslResponseTimeout=5000&sspiServiceClass=POSTGRES&targetServerType=any&tcpKeepAlive=false&tcpNoDelay=true&unknownLength=2147483647&useSpnego=false&xmlFactoryFactory= (PostgreSQL 16.15)
12:00:33.579 [Test worker] INFO org.flywaydb.core.internal.command.DbValidate -- Successfully validated 209 migrations (execution time 00:00.059s)
12:00:33.600 [Test worker] INFO org.flywaydb.core.internal.command.DbMigrate -- Current version of schema "calendar_upgrade_path": 192
12:00:33.604 [Test worker] INFO org.flywaydb.core.internal.command.DbMigrate -- Migrating schema "calendar_upgrade_path" to version "193 - register latest database check contracts"
12:00:33.659 [Test worker] INFO org.flywaydb.core.internal.command.DbMigrate -- Migrating schema "calendar_upgrade_path" to version "194 - reconcile calendar and people receipt check contracts"
12:00:33.683 [Test worker] INFO org.flywaydb.core.internal.command.DbMigrate -- Migrating schema "calendar_upgrade_path" to version "195 - project meeting administrator role"
12:00:33.695 [Test worker] INFO org.flywaydb.core.internal.command.DbMigrate -- Migrating schema "calendar_upgrade_path" to version "196 - converge calendar sharing governance"
12:00:33.697 [Test worker] WARN org.flywaydb.core.internal.proprietaryStubs.ErrorOverridesSupportStub -- DB: relation "uk_cal_grants_tenant_principal" already exists, skipping (SQL State: 42P07 - Error Code: 0)
12:00:33.698 [Test worker] WARN org.flywaydb.core.internal.proprietaryStubs.ErrorOverridesSupportStub -- DB: relation "uk_cal_grants_person_principal" already exists, skipping (SQL State: 42P07 - Error Code: 0)
12:00:33.699 [Test worker] WARN org.flywaydb.core.internal.proprietaryStubs.ErrorOverridesSupportStub -- DB: relation "uk_cal_grants_group_principal" already exists, skipping (SQL State: 42P07 - Error Code: 0)
12:00:33.700 [Test worker] WARN org.flywaydb.core.internal.proprietaryStubs.ErrorOverridesSupportStub -- DB: relation "idx_cal_grants_person_lookup" already exists, skipping (SQL State: 42P07 - Error Code: 0)
12:00:33.701 [Test worker] WARN org.flywaydb.core.internal.proprietaryStubs.ErrorOverridesSupportStub -- DB: relation "idx_cal_grants_group_lookup" already exists, skipping (SQL State: 42P07 - Error Code: 0)
12:00:33.703 [Test worker] WARN org.flywaydb.core.internal.proprietaryStubs.ErrorOverridesSupportStub -- DB: relation "idx_cal_subscriptions_favorite" already exists, skipping (SQL State: 42P07 - Error Code: 0)
12:00:33.705 [Test worker] WARN org.flywaydb.core.internal.proprietaryStubs.ErrorOverridesSupportStub -- DB: relation "idx_cal_event_preferences_starred" already exists, skipping (SQL State: 42P07 - Error Code: 0)
12:00:33.706 [Test worker] WARN org.flywaydb.core.internal.proprietaryStubs.ErrorOverridesSupportStub -- DB: relation "uk_cal_event_tombstones_source" already exists, skipping (SQL State: 42P07 - Error Code: 0)
12:00:33.720 [Test worker] INFO org.flywaydb.core.internal.command.DbMigrate -- Migrating schema "calendar_upgrade_path" to version "197 - project publish permission action"
12:00:33.731 [Test worker] INFO org.flywaydb.core.internal.command.DbMigrate -- Migrating schema "calendar_upgrade_path" to version "198 - govern latest java enum contracts"
12:00:33.767 [Test worker] INFO org.flywaydb.core.internal.command.DbMigrate -- Migrating schema "calendar_upgrade_path" to version "199 - snapshot saved view lifecycle evidence"
12:00:33.785 [Test worker] INFO org.flywaydb.core.internal.command.DbMigrate -- Migrating schema "calendar_upgrade_path" to version "200 - align legacy home content with background position"
12:00:33.796 [Test worker] INFO org.flywaydb.core.internal.command.DbMigrate -- Migrating schema "calendar_upgrade_path" to version "202 - reconcile support containment and mail check contracts"
12:00:33.830 [Test worker] INFO org.flywaydb.core.internal.command.DbMigrate -- Migrating schema "calendar_upgrade_path" to version "203 - complete personal mail organization"
12:00:33.898 [Test worker] INFO org.flywaydb.core.internal.command.DbMigrate -- Migrating schema "calendar_upgrade_path" to version "204 - align authority containment origin check contracts"
12:00:33.900 [Test worker] INFO org.flywaydb.core.internal.sqlscript.DefaultSqlScriptExecutor -- +-----------------------+
| pg_advisory_xact_lock |
+-----------------------+
|                       |
+-----------------------+

12:00:33.931 [Test worker] INFO org.flywaydb.core.internal.command.DbMigrate -- Migrating schema "calendar_upgrade_path" to version "205 - govern meeting and mail organization code contracts"
12:00:33.932 [Test worker] INFO org.flywaydb.core.internal.sqlscript.DefaultSqlScriptExecutor -- +-----------------------+
| pg_advisory_xact_lock |
+-----------------------+
|                       |
+-----------------------+

12:00:33.990 [Test worker] INFO org.flywaydb.core.internal.command.DbMigrate -- Migrating schema "calendar_upgrade_path" to version "206 - govern widget registry command target contract"
12:00:33.991 [Test worker] INFO org.flywaydb.core.internal.sqlscript.DefaultSqlScriptExecutor -- +-----------------------+
| pg_advisory_xact_lock |
+-----------------------+
|                       |
+-----------------------+

12:00:34.016 [Test worker] INFO org.flywaydb.core.internal.command.DbMigrate -- Migrating schema "calendar_upgrade_path" to version "207 - reconcile widget registry ingress failure contract"
12:00:34.017 [Test worker] INFO org.flywaydb.core.internal.sqlscript.DefaultSqlScriptExecutor -- +-----------------------+
| pg_advisory_xact_lock |
+-----------------------+
|                       |
+-----------------------+

12:00:34.042 [Test worker] INFO org.flywaydb.core.internal.command.DbMigrate -- Migrating schema "calendar_upgrade_path" to version "208 - fence mail rule execution and access"
12:00:34.087 [Test worker] INFO org.flywaydb.core.internal.command.DbMigrate -- Migrating schema "calendar_upgrade_path" to version "209 - reconcile fresh service check contracts"
12:00:34.088 [Test worker] INFO org.flywaydb.core.internal.sqlscript.DefaultSqlScriptExecutor -- +-----------------------+
| pg_advisory_xact_lock |
+-----------------------+
|                       |
+-----------------------+

12:00:34.121 [Test worker] INFO org.flywaydb.core.internal.command.DbMigrate -- Migrating schema "calendar_upgrade_path" to version "210 - govern latest product surface and meeting enums"
12:00:34.123 [Test worker] INFO org.flywaydb.core.internal.sqlscript.DefaultSqlScriptExecutor -- +-----------------------+
| pg_advisory_xact_lock |
+-----------------------+
|                       |
+-----------------------+

12:00:34.161 [Test worker] INFO org.flywaydb.core.internal.command.DbMigrate -- Migrating schema "calendar_upgrade_path" to version "211 - fence mail tenant relations"
12:00:34.226 [Test worker] INFO org.flywaydb.core.internal.command.DbMigrate -- Migrating schema "calendar_upgrade_path" to version "212 - govern room booking eligibility reason"
12:00:34.227 [Test worker] INFO org.flywaydb.core.internal.sqlscript.DefaultSqlScriptExecutor -- +-----------------------+
| pg_advisory_xact_lock |
+-----------------------+
|                       |
+-----------------------+

12:00:34.241 [Test worker] INFO org.flywaydb.core.internal.command.DbMigrate -- Migrating schema "calendar_upgrade_path" to version "213 - register meeting media runtime check contracts"
12:00:34.243 [Test worker] INFO org.flywaydb.core.internal.sqlscript.DefaultSqlScriptExecutor -- +-----------------------+
| pg_advisory_xact_lock |
+-----------------------+
|                       |
+-----------------------+

12:00:34.266 [Test worker] INFO org.flywaydb.core.internal.command.DbMigrate -- Migrating schema "calendar_upgrade_path" to version "214 - govern mail draft receipt and meeting webhook enums"
12:00:34.268 [Test worker] INFO org.flywaydb.core.internal.sqlscript.DefaultSqlScriptExecutor -- +-----------------------+
| pg_advisory_xact_lock |
+-----------------------+
|                       |
+-----------------------+

12:00:34.296 [Test worker] INFO org.flywaydb.core.internal.command.DbMigrate -- Migrating schema "calendar_upgrade_path" to version "215 - retire unsupported meeting climate signals"
12:00:34.297 [Test worker] INFO org.flywaydb.core.internal.sqlscript.DefaultSqlScriptExecutor -- +-----------------------+
| pg_advisory_xact_lock |
+-----------------------+
|                       |
+-----------------------+

12:00:34.309 [Test worker] INFO org.flywaydb.core.internal.command.DbMigrate -- Migrating schema "calendar_upgrade_path" to version "216 - register meeting recording check contracts"
12:00:34.310 [Test worker] INFO org.flywaydb.core.internal.sqlscript.DefaultSqlScriptExecutor -- +-----------------------+
| pg_advisory_xact_lock |
+-----------------------+
|                       |
+-----------------------+

12:00:34.330 [Test worker] INFO org.flywaydb.core.internal.command.DbMigrate -- Migrating schema "calendar_upgrade_path" to version "217 - bind meeting recording typed contracts"
12:00:34.332 [Test worker] INFO org.flywaydb.core.internal.sqlscript.DefaultSqlScriptExecutor -- +-----------------------+
| pg_advisory_xact_lock |
+-----------------------+
|                       |
+-----------------------+

12:00:34.355 [Test worker] INFO org.flywaydb.core.internal.command.DbMigrate -- Migrating schema "calendar_upgrade_path" to version "218 - register meeting transcript retention check contracts"
12:00:34.356 [Test worker] INFO org.flywaydb.core.internal.sqlscript.DefaultSqlScriptExecutor -- +-----------------------+
| pg_advisory_xact_lock |
+-----------------------+
|                       |
+-----------------------+

12:00:34.386 [Test worker] INFO org.flywaydb.core.internal.command.DbMigrate -- Migrating schema "calendar_upgrade_path" to version "219 - bind meeting transcript deletion typed contract"
12:00:34.388 [Test worker] INFO org.flywaydb.core.internal.sqlscript.DefaultSqlScriptExecutor -- +-----------------------+
| pg_advisory_xact_lock |
+-----------------------+
|                       |
+-----------------------+

12:00:34.410 [Test worker] INFO org.flywaydb.core.internal.command.DbMigrate -- Migrating schema "calendar_upgrade_path" to version "220 - create personal mail address book"
12:00:34.454 [Test worker] INFO org.flywaydb.core.internal.command.DbMigrate -- Migrating schema "calendar_upgrade_path" to version "221 - register flow home calendar insight widgets"
12:00:34.465 [Test worker] INFO org.flywaydb.core.internal.command.DbMigrate -- Migrating schema "calendar_upgrade_path" to version "222 - establish verified activity history"
12:00:34.506 [Test worker] INFO org.flywaydb.core.internal.command.DbMigrate -- Migrating schema "calendar_upgrade_path" to version "223 - create personal work runtime"
12:00:34.538 [Test worker] INFO org.flywaydb.core.internal.command.DbMigrate -- Migrating schema "calendar_upgrade_path" to version "224 - create work calendar references"
12:00:34.557 [Test worker] INFO org.flywaydb.core.internal.command.DbMigrate -- Migrating schema "calendar_upgrade_path" to version "225 - launch workplace at home"
12:00:34.570 [Test worker] INFO org.flywaydb.core.internal.command.DbMigrate -- Migrating schema "calendar_upgrade_path" to version "226 - create work assignments"
12:00:34.607 [Test worker] INFO org.flywaydb.core.internal.command.DbMigrate -- Migrating schema "calendar_upgrade_path" to version "227 - record service requester information responses"
12:00:34.624 [Test worker] INFO org.flywaydb.core.internal.command.DbMigrate -- Migrating schema "calendar_upgrade_path" to version "228 - extend personal work checklists sources and deletion"
12:00:34.646 [Test worker] INFO org.flywaydb.core.internal.command.DbMigrate -- Migrating schema "calendar_upgrade_path" to version "229 - bind personal work commands to activity"
12:00:34.674 [Test worker] INFO org.flywaydb.core.internal.sqlscript.DefaultSqlScriptExecutor -- +----------------------------------------+
| project_personal_work_command_activity |
+----------------------------------------+
| No rows returned                       |
+----------------------------------------+

12:00:34.691 [Test worker] INFO org.flywaydb.core.internal.command.DbMigrate -- Migrating schema "calendar_upgrade_path" to version "230 - publish governed agent catalog profiles"
12:00:34.712 [Test worker] INFO org.flywaydb.core.internal.command.DbMigrate -- Migrating schema "calendar_upgrade_path" to version "231 - register approval superseded task status"
12:00:34.714 [Test worker] INFO org.flywaydb.core.internal.sqlscript.DefaultSqlScriptExecutor -- +-----------------------+
| pg_advisory_xact_lock |
+-----------------------+
|                       |
+-----------------------+

12:00:34.734 [Test worker] INFO org.flywaydb.core.internal.command.DbMigrate -- Migrating schema "calendar_upgrade_path" to version "247 - persist workplace experience collaboration"
12:00:34.786 [Test worker] INFO org.flywaydb.core.internal.command.DbMigrate -- Migrating schema "calendar_upgrade_path" to version "248 - align workplace zero minute auto release snapshot"
12:00:34.806 [Test worker] INFO org.flywaydb.core.internal.command.DbMigrate -- Migrating schema "calendar_upgrade_path" to version "249 - persist workplace facility closures and requests"
12:00:34.849 [Test worker] INFO org.flywaydb.core.internal.command.DbMigrate -- Migrating schema "calendar_upgrade_path" to version "250 - bridge native room facility closures"
12:00:34.871 [Test worker] INFO org.flywaydb.core.internal.command.DbMigrate -- Migrating schema "calendar_upgrade_path" to version "251 - govern native facility record retention"
12:00:34.899 [Test worker] INFO org.flywaydb.core.internal.command.DbMigrate -- Migrating schema "calendar_upgrade_path" to version "252 - add workplace floor access overlay"
12:00:34.944 [Test worker] INFO org.flywaydb.core.internal.command.DbMigrate -- Migrating schema "calendar_upgrade_path" to version "253 - restrict workplace delegated admin floor scope"
12:00:34.977 [Test worker] INFO org.flywaydb.core.internal.command.DbMigrate -- Migrating schema "calendar_upgrade_path" to version "254 - register workplace data source connectors"
12:00:34.994 [Test worker] INFO org.flywaydb.core.internal.command.DbMigrate -- Migrating schema "calendar_upgrade_path" to version "255 - persist workplace facility work order metadata"
12:00:35.012 [Test worker] INFO org.flywaydb.core.internal.command.DbMigrate -- Migrating schema "calendar_upgrade_path" to version "256 - widen calendar event titles for work handoff"
12:00:35.049 [Test worker] INFO org.flywaydb.core.internal.command.DbMigrate -- Successfully applied 48 migrations to schema "calendar_upgrade_path", now at version v256 (execution time 00:00.910s)
]]></system-out>
  <system-err><![CDATA[]]></system-err>
</testsuite>
