<?xml version="1.0" encoding="UTF-8"?>
<testsuite name="com.dwp.services.messaging.collaboration.CollaborationSecurityFilterTest" tests="4" skipped="0" failures="0" errors="0" timestamp="2026-09-16T03:09:23" hostname="MacBook-Pro" time="0.063">
  <properties/>
  <testcase name="internalWorkSourceRequiresItsDedicatedServiceTrustInAdditionToMessagingIdentity()" classname="com.dwp.services.messaging.collaboration.CollaborationSecurityFilterTest" time="0.05"/>
  <testcase name="conversationCreationAcceptsMessagingCreatePermission()" classname="com.dwp.services.messaging.collaboration.CollaborationSecurityFilterTest" time="0.002"/>
  <testcase name="searchRequiresMessagingViewPermissionAndPreservesVerifiedTenant()" classname="com.dwp.services.messaging.collaboration.CollaborationSecurityFilterTest" time="0.001"/>
  <testcase name="conversationCreationRejectsViewOnlyPermission()" classname="com.dwp.services.messaging.collaboration.CollaborationSecurityFilterTest" time="0.004"/>
  <system-out><![CDATA[]]></system-out>
  <system-err><![CDATA[]]></system-err>
</testsuite>
